2019-07-25 16:05:39 -Application started with classpath: [file:/D:/JDK/jdk/jre/lib/charsets.jar, file:/D:/JDK/jdk/jre/lib/deploy.jar, file:/D:/JDK/jdk/jre/lib/ext/access-bridge-64.jar, file:/D:/JDK/jdk/jre/lib/ext/cldrdata.jar, file:/D:/JDK/jdk/jre/lib/ext/dnsns.jar, file:/D:/JDK/jdk/jre/lib/ext/jaccess.jar, file:/D:/JDK/jdk/jre/lib/ext/jfxrt.jar, file:/D:/JDK/jdk/jre/lib/ext/localedata.jar, file:/D:/JDK/jdk/jre/lib/ext/nashorn.jar, file:/D:/JDK/jdk/jre/lib/ext/sunec.jar, file:/D:/JDK/jdk/jre/lib/ext/sunjce_provider.jar, file:/D:/JDK/jdk/jre/lib/ext/sunmscapi.jar, file:/D:/JDK/jdk/jre/lib/ext/sunpkcs11.jar, file:/D:/JDK/jdk/jre/lib/ext/zipfs.jar, file:/D:/JDK/jdk/jre/lib/javaws.jar, file:/D:/JDK/jdk/jre/lib/jce.jar, file:/D:/JDK/jdk/jre/lib/jfr.jar, file:/D:/JDK/jdk/jre/lib/jfxswt.jar, file:/D:/JDK/jdk/jre/lib/jsse.jar, file:/D:/JDK/jdk/jre/lib/management-agent.jar, file:/D:/JDK/jdk/jre/lib/plugin.jar, file:/D:/JDK/jdk/jre/lib/resources.jar, file:/D:/JDK/jdk/jre/lib/rt.jar, file:/C:/Users/Administrator.USER-20180311XA/Desktop/XXX/target/classes/, file:/C:/Users/Administrator.USER-20180311XA/.m2/repository/com/google/zxing/core/3.3.0/core-3.3.0.jar, file:/C:/Users/Administrator.USER-20180311XA/Desktop/XXX/src/lib/jave-1.0.2.jar, file:/C:/Users/Administrator.USER-20180311XA/.m2/repository/org/springframework/boot/spring-boot-starter-web/2.1.3.RELEASE/spring-boot-starter-web-2.1.3.RELEASE.jar, file:/C:/Users/Administrator.USER-20180311XA/.m2/repository/org/springframework/boot/spring-boot-starter/2.1.3.RELEASE/spring-boot-starter-2.1.3.RELEASE.jar, file:/C:/Users/Administrator.USER-20180311XA/.m2/repository/org/springframework/boot/spring-boot/2.1.3.RELEASE/spring-boot-2.1.3.RELEASE.jar, file:/C:/Users/Administrator.USER-20180311XA/.m2/repository/org/springframework/boot/spring-boot-autoconfigure/2.1.3.RELEASE/spring-boot-autoconfigure-2.1.3.RELEASE.jar, file:/C:/Users/Administrator.USER-20180311XA/.m2/repository/org/springframework/boot/spring-boot-starter-logging/2.1.3.RELEASE/spring-boot-starter-logging-2.1.3.RELEASE.jar, file:/C:/Users/Administrator.USER-20180311XA/.m2/repository/ch/qos/logback/logback-classic/1.2.3/logback-classic-1.2.3.jar, file:/C:/Users/Administrator.USER-20180311XA/.m2/repository/ch/qos/logback/logback-core/1.2.3/logback-core-1.2.3.jar, file:/C:/Users/Administrator.USER-20180311XA/.m2/repository/org/apache/logging/log4j/log4j-to-slf4j/2.11.2/log4j-to-slf4j-2.11.2.jar, file:/C:/Users/Administrator.USER-20180311XA/.m2/repository/org/apache/logging/log4j/log4j-api/2.11.2/log4j-api-2.11.2.jar, file:/C:/Users/Administrator.USER-20180311XA/.m2/repository/org/slf4j/jul-to-slf4j/1.7.25/jul-to-slf4j-1.7.25.jar, file:/C:/Users/Administrator.USER-20180311XA/.m2/repository/javax/annotation/javax.annotation-api/1.3.2/javax.annotation-api-1.3.2.jar, file:/C:/Users/Administrator.USER-20180311XA/.m2/repository/org/yaml/snakeyaml/1.23/snakeyaml-1.23.jar, file:/C:/Users/Administrator.USER-20180311XA/.m2/repository/org/springframework/boot/spring-boot-starter-json/2.1.3.RELEASE/spring-boot-starter-json-2.1.3.RELEASE.jar, file:/C:/Users/Administrator.USER-20180311XA/.m2/repository/com/fasterxml/jackson/core/jackson-databind/2.9.8/jackson-databind-2.9.8.jar, file:/C:/Users/Administrator.USER-20180311XA/.m2/repository/com/fasterxml/jackson/core/jackson-core/2.9.8/jackson-core-2.9.8.jar, file:/C:/Users/Administrator.USER-20180311XA/.m2/repository/com/fasterxml/jackson/datatype/jackson-datatype-jdk8/2.9.8/jackson-datatype-jdk8-2.9.8.jar, file:/C:/Users/Administrator.USER-20180311XA/.m2/repository/com/fasterxml/jackson/datatype/jackson-datatype-jsr310/2.9.8/jackson-datatype-jsr310-2.9.8.jar, file:/C:/Users/Administrator.USER-20180311XA/.m2/repository/com/fasterxml/jackson/module/jackson-module-parameter-names/2.9.8/jackson-module-parameter-names-2.9.8.jar, file:/C:/Users/Administrator.USER-20180311XA/.m2/repository/org/hibernate/validator/hibernate-validator/6.0.14.Final/hibernate-validator-6.0.14.Final.jar, file:/C:/Users/Administrator.USER-20180311XA/.m2/repository/javax/validation/validation-api/2.0.1.Final/validation-api-2.0.1.Final.jar, file:/C:/Users/Administrator.USER-20180311XA/.m2/repository/org/jboss/logging/jboss-logging/3.3.2.Final/jboss-logging-3.3.2.Final.jar, file:/C:/Users/Administrator.USER-20180311XA/.m2/repository/org/springframework/spring-web/5.1.5.RELEASE/spring-web-5.1.5.RELEASE.jar, file:/C:/Users/Administrator.USER-20180311XA/.m2/repository/org/springframework/spring-beans/5.1.5.RELEASE/spring-beans-5.1.5.RELEASE.jar, file:/C:/Users/Administrator.USER-20180311XA/.m2/repository/org/springframework/spring-webmvc/5.1.5.RELEASE/spring-webmvc-5.1.5.RELEASE.jar, file:/C:/Users/Administrator.USER-20180311XA/.m2/repository/org/springframework/spring-context/5.1.5.RELEASE/spring-context-5.1.5.RELEASE.jar, file:/C:/Users/Administrator.USER-20180311XA/.m2/repository/org/springframework/spring-expression/5.1.5.RELEASE/spring-expression-5.1.5.RELEASE.jar, file:/C:/Users/Administrator.USER-20180311XA/.m2/repository/javax/servlet/javax.servlet-api/3.1.0/javax.servlet-api-3.1.0.jar, file:/C:/Users/Administrator.USER-20180311XA/.m2/repository/org/springframework/spring-core/5.1.5.RELEASE/spring-core-5.1.5.RELEASE.jar, file:/C:/Users/Administrator.USER-20180311XA/.m2/repository/org/springframework/spring-jcl/5.1.5.RELEASE/spring-jcl-5.1.5.RELEASE.jar, file:/C:/Users/Administrator.USER-20180311XA/.m2/repository/org/mybatis/spring/boot/mybatis-spring-boot-starter/1.3.2/mybatis-spring-boot-starter-1.3.2.jar, file:/C:/Users/Administrator.USER-20180311XA/.m2/repository/org/springframework/boot/spring-boot-starter-jdbc/2.1.3.RELEASE/spring-boot-starter-jdbc-2.1.3.RELEASE.jar, file:/C:/Users/Administrator.USER-20180311XA/.m2/repository/com/zaxxer/HikariCP/3.2.0/HikariCP-3.2.0.jar, file:/C:/Users/Administrator.USER-20180311XA/.m2/repository/org/springframework/spring-jdbc/5.1.5.RELEASE/spring-jdbc-5.1.5.RELEASE.jar, file:/C:/Users/Administrator.USER-20180311XA/.m2/repository/org/springframework/spring-tx/5.1.5.RELEASE/spring-tx-5.1.5.RELEASE.jar, file:/C:/Users/Administrator.USER-20180311XA/.m2/repository/org/mybatis/spring/boot/mybatis-spring-boot-autoconfigure/1.3.2/mybatis-spring-boot-autoconfigure-1.3.2.jar, file:/C:/Users/Administrator.USER-20180311XA/.m2/repository/org/mybatis/mybatis/3.4.6/mybatis-3.4.6.jar, file:/C:/Users/Administrator.USER-20180311XA/.m2/repository/org/mybatis/mybatis-spring/1.3.2/mybatis-spring-1.3.2.jar, file:/C:/Users/Administrator.USER-20180311XA/.m2/repository/org/springframework/boot/spring-boot-configuration-processor/2.0.3.RELEASE/spring-boot-configuration-processor-2.0.3.RELEASE.jar, file:/C:/Users/Administrator.USER-20180311XA/.m2/repository/org/springframework/boot/spring-boot-starter-aop/2.0.3.RELEASE/spring-boot-starter-aop-2.0.3.RELEASE.jar, file:/C:/Users/Administrator.USER-20180311XA/.m2/repository/org/springframework/spring-aop/5.1.5.RELEASE/spring-aop-5.1.5.RELEASE.jar, file:/C:/Users/Administrator.USER-20180311XA/.m2/repository/org/aspectj/aspectjweaver/1.9.2/aspectjweaver-1.9.2.jar, file:/C:/Users/Administrator.USER-20180311XA/.m2/repository/org/springframework/boot/spring-boot-starter-thymeleaf/2.1.3.RELEASE/spring-boot-starter-thymeleaf-2.1.3.RELEASE.jar, file:/C:/Users/Administrator.USER-20180311XA/.m2/repository/org/thymeleaf/thymeleaf-spring5/3.0.11.RELEASE/thymeleaf-spring5-3.0.11.RELEASE.jar, file:/C:/Users/Administrator.USER-20180311XA/.m2/repository/org/thymeleaf/thymeleaf/3.0.11.RELEASE/thymeleaf-3.0.11.RELEASE.jar, file:/C:/Users/Administrator.USER-20180311XA/.m2/repository/org/attoparser/attoparser/2.0.5.RELEASE/attoparser-2.0.5.RELEASE.jar, file:/C:/Users/Administrator.USER-20180311XA/.m2/repository/org/unbescape/unbescape/1.1.6.RELEASE/unbescape-1.1.6.RELEASE.jar, file:/C:/Users/Administrator.USER-20180311XA/.m2/repository/org/thymeleaf/extras/thymeleaf-extras-java8time/3.0.3.RELEASE/thymeleaf-extras-java8time-3.0.3.RELEASE.jar, file:/C:/Users/Administrator.USER-20180311XA/.m2/repository/mysql/mysql-connector-java/5.1.44/mysql-connector-java-5.1.44.jar, file:/C:/Users/Administrator.USER-20180311XA/.m2/repository/com/github/pagehelper/pagehelper/4.1.6/pagehelper-4.1.6.jar, file:/C:/Users/Administrator.USER-20180311XA/.m2/repository/com/github/jsqlparser/jsqlparser/0.9.5/jsqlparser-0.9.5.jar, file:/C:/Users/Administrator.USER-20180311XA/.m2/repository/org/apache/commons/commons-lang3/3.7/commons-lang3-3.7.jar, file:/C:/Users/Administrator.USER-20180311XA/.m2/repository/com/alibaba/fastjson/1.2.31/fastjson-1.2.31.jar, file:/C:/Users/Administrator.USER-20180311XA/.m2/repository/io/springfox/springfox-swagger2/2.6.1/springfox-swagger2-2.6.1.jar, file:/C:/Users/Administrator.USER-20180311XA/.m2/repository/io/swagger/swagger-annotations/1.5.10/swagger-annotations-1.5.10.jar, file:/C:/Users/Administrator.USER-20180311XA/.m2/repository/io/swagger/swagger-models/1.5.10/swagger-models-1.5.10.jar, file:/C:/Users/Administrator.USER-20180311XA/.m2/repository/com/fasterxml/jackson/core/jackson-annotations/2.9.0/jackson-annotations-2.9.0.jar, file:/C:/Users/Administrator.USER-20180311XA/.m2/repository/io/springfox/springfox-spi/2.6.1/springfox-spi-2.6.1.jar, file:/C:/Users/Administrator.USER-20180311XA/.m2/repository/io/springfox/springfox-core/2.6.1/springfox-core-2.6.1.jar, file:/C:/Users/Administrator.USER-20180311XA/.m2/repository/io/springfox/springfox-schema/2.6.1/springfox-schema-2.6.1.jar, file:/C:/Users/Administrator.USER-20180311XA/.m2/repository/io/springfox/springfox-swagger-common/2.6.1/springfox-swagger-common-2.6.1.jar, file:/C:/Users/Administrator.USER-20180311XA/.m2/repository/io/springfox/springfox-spring-web/2.6.1/springfox-spring-web-2.6.1.jar, file:/C:/Users/Administrator.USER-20180311XA/.m2/repository/com/google/guava/guava/18.0/guava-18.0.jar, file:/C:/Users/Administrator.USER-20180311XA/.m2/repository/com/fasterxml/classmate/1.4.0/classmate-1.4.0.jar, file:/C:/Users/Administrator.USER-20180311XA/.m2/repository/org/slf4j/slf4j-api/1.7.25/slf4j-api-1.7.25.jar, file:/C:/Users/Administrator.USER-20180311XA/.m2/repository/org/springframework/plugin/spring-plugin-core/1.2.0.RELEASE/spring-plugin-core-1.2.0.RELEASE.jar, file:/C:/Users/Administrator.USER-20180311XA/.m2/repository/org/springframework/plugin/spring-plugin-metadata/1.2.0.RELEASE/spring-plugin-metadata-1.2.0.RELEASE.jar, file:/C:/Users/Administrator.USER-20180311XA/.m2/repository/org/mapstruct/mapstruct/1.0.0.Final/mapstruct-1.0.0.Final.jar, file:/C:/Users/Administrator.USER-20180311XA/.m2/repository/io/springfox/springfox-swagger-ui/2.6.1/springfox-swagger-ui-2.6.1.jar, file:/C:/Users/Administrator.USER-20180311XA/.m2/repository/org/mybatis/generator/mybatis-generator-core/1.3.7/mybatis-generator-core-1.3.7.jar, file:/C:/Users/Administrator.USER-20180311XA/.m2/repository/org/apache/httpcomponents/httpclient/4.5.5/httpclient-4.5.5.jar, file:/C:/Users/Administrator.USER-20180311XA/.m2/repository/org/apache/httpcomponents/httpcore/4.4.11/httpcore-4.4.11.jar, file:/C:/Users/Administrator.USER-20180311XA/.m2/repository/commons-codec/commons-codec/1.11/commons-codec-1.11.jar, file:/C:/Users/Administrator.USER-20180311XA/.m2/repository/com/thoughtworks/xstream/xstream/1.4.10/xstream-1.4.10.jar, file:/C:/Users/Administrator.USER-20180311XA/.m2/repository/xmlpull/xmlpull/1.1.3.1/xmlpull-1.1.3.1.jar, file:/C:/Users/Administrator.USER-20180311XA/.m2/repository/xpp3/xpp3_min/1.1.4c/xpp3_min-1.1.4c.jar, file:/C:/Users/Administrator.USER-20180311XA/.m2/repository/commons-fileupload/commons-fileupload/1.3.1/commons-fileupload-1.3.1.jar, file:/C:/Users/Administrator.USER-20180311XA/.m2/repository/commons-io/commons-io/2.2/commons-io-2.2.jar, file:/C:/Users/Administrator.USER-20180311XA/.m2/repository/com/google/zxing/javase/3.3.1/javase-3.3.1.jar, file:/C:/Users/Administrator.USER-20180311XA/.m2/repository/com/beust/jcommander/1.72/jcommander-1.72.jar, file:/C:/Users/Administrator.USER-20180311XA/.m2/repository/com/github/jai-imageio/jai-imageio-core/1.3.1/jai-imageio-core-1.3.1.jar, file:/C:/Users/Administrator.USER-20180311XA/.m2/repository/org/bouncycastle/bcprov-ext-jdk15on/1.55/bcprov-ext-jdk15on-1.55.jar, file:/D:/IntelliJ%20IDEA%202018.3.5/lib/idea_rt.jar]
2019-07-25 16:05:39 -Starting FrameApplication on xyh with PID 8016 (C:\Users\Administrator.USER-20180311XA\Desktop\XXX\target\classes started by Administrator in C:\Users\Administrator.USER-20180311XA\Desktop\XXX)
2019-07-25 16:05:39 -Running with Spring Boot v2.1.3.RELEASE, Spring v5.1.5.RELEASE
2019-07-25 16:05:39 -No active profile set, falling back to default profiles: default
2019-07-25 16:05:39 -Loading source class com.xxx.frame.FrameApplication
2019-07-25 16:05:39 -Loaded config file 'file:/C:/Users/Administrator.USER-20180311XA/Desktop/XXX/target/classes/application.properties' (classpath:/application.properties)
2019-07-25 16:05:39 -Refreshing org.springframework.boot.web.servlet.context.AnnotationConfigServletWebServerApplicationContext@3ce1e309
2019-07-25 16:05:39 -Creating shared instance of singleton bean 'org.springframework.context.annotation.internalConfigurationAnnotationProcessor'
2019-07-25 16:05:39 -Creating shared instance of singleton bean 'org.springframework.boot.autoconfigure.internalCachingMetadataReaderFactory'
2019-07-25 16:05:39 -Identified candidate component class: file [C:\Users\Administrator.USER-20180311XA\Desktop\XXX\target\classes\com\xxx\frame\Config\FileServerConfig.class]
2019-07-25 16:05:39 -Identified candidate component class: file [C:\Users\Administrator.USER-20180311XA\Desktop\XXX\target\classes\com\xxx\frame\Config\InitServer.class]
2019-07-25 16:05:39 -Identified candidate component class: file [C:\Users\Administrator.USER-20180311XA\Desktop\XXX\target\classes\com\xxx\frame\Controller\Api\ApiClassInfoController.class]
2019-07-25 16:05:39 -Identified candidate component class: file [C:\Users\Administrator.USER-20180311XA\Desktop\XXX\target\classes\com\xxx\frame\Controller\Api\ApiClassTypeController.class]
2019-07-25 16:05:39 -Identified candidate component class: file [C:\Users\Administrator.USER-20180311XA\Desktop\XXX\target\classes\com\xxx\frame\Controller\Api\ApiColumnController.class]
2019-07-25 16:05:39 -Identified candidate component class: file [C:\Users\Administrator.USER-20180311XA\Desktop\XXX\target\classes\com\xxx\frame\Controller\Api\ApiCommentController.class]
2019-07-25 16:05:39 -Identified candidate component class: file [C:\Users\Administrator.USER-20180311XA\Desktop\XXX\target\classes\com\xxx\frame\Controller\Api\ApiContentController.class]
2019-07-25 16:05:39 -Identified candidate component class: file [C:\Users\Administrator.USER-20180311XA\Desktop\XXX\target\classes\com\xxx\frame\Controller\Api\ApiController.class]
2019-07-25 16:05:39 -Identified candidate component class: file [C:\Users\Administrator.USER-20180311XA\Desktop\XXX\target\classes\com\xxx\frame\Controller\Api\ApiMemberController.class]
2019-07-25 16:05:39 -Identified candidate component class: file [C:\Users\Administrator.USER-20180311XA\Desktop\XXX\target\classes\com\xxx\frame\Controller\Api\ApiOffOrderController.class]
2019-07-25 16:05:39 -Identified candidate component class: file [C:\Users\Administrator.USER-20180311XA\Desktop\XXX\target\classes\com\xxx\frame\Controller\Api\ApiOnOrderController.class]
2019-07-25 16:05:39 -Identified candidate component class: file [C:\Users\Administrator.USER-20180311XA\Desktop\XXX\target\classes\com\xxx\frame\Controller\Api\ApiOrderController.class]
2019-07-25 16:05:39 -Identified candidate component class: file [C:\Users\Administrator.USER-20180311XA\Desktop\XXX\target\classes\com\xxx\frame\Controller\Api\ApiPlayRecordController.class]
2019-07-25 16:05:39 -Identified candidate component class: file [C:\Users\Administrator.USER-20180311XA\Desktop\XXX\target\classes\com\xxx\frame\Controller\Api\ApiUserController.class]
2019-07-25 16:05:39 -Identified candidate component class: file [C:\Users\Administrator.USER-20180311XA\Desktop\XXX\target\classes\com\xxx\frame\Controller\BackStageManagement\AdminUserController.class]
2019-07-25 16:05:39 -Identified candidate component class: file [C:\Users\Administrator.USER-20180311XA\Desktop\XXX\target\classes\com\xxx\frame\Controller\BackStageManagement\ClassInfoController.class]
2019-07-25 16:05:39 -Identified candidate component class: file [C:\Users\Administrator.USER-20180311XA\Desktop\XXX\target\classes\com\xxx\frame\Controller\BackStageManagement\ColumnController.class]
2019-07-25 16:05:39 -Identified candidate component class: file [C:\Users\Administrator.USER-20180311XA\Desktop\XXX\target\classes\com\xxx\frame\Controller\BackStageManagement\DashboardController.class]
2019-07-25 16:05:39 -Identified candidate component class: file [C:\Users\Administrator.USER-20180311XA\Desktop\XXX\target\classes\com\xxx\frame\Controller\BackStageManagement\FileController.class]
2019-07-25 16:05:39 -Identified candidate component class: file [C:\Users\Administrator.USER-20180311XA\Desktop\XXX\target\classes\com\xxx\frame\Controller\BackStageManagement\HtmlController.class]
2019-07-25 16:05:39 -Identified candidate component class: file [C:\Users\Administrator.USER-20180311XA\Desktop\XXX\target\classes\com\xxx\frame\Controller\BackStageManagement\OrderController.class]
2019-07-25 16:05:39 -Identified candidate component class: file [C:\Users\Administrator.USER-20180311XA\Desktop\XXX\target\classes\com\xxx\frame\Controller\BackStageManagement\UserController.class]
2019-07-25 16:05:39 -Identified candidate component class: file [C:\Users\Administrator.USER-20180311XA\Desktop\XXX\target\classes\com\xxx\frame\Controller\BackStageManagement\UserInfoController.class]
2019-07-25 16:05:39 -Identified candidate component class: file [C:\Users\Administrator.USER-20180311XA\Desktop\XXX\target\classes\com\xxx\frame\ServiceImpl\AdminUserServiceImpl.class]
2019-07-25 16:05:39 -Identified candidate component class: file [C:\Users\Administrator.USER-20180311XA\Desktop\XXX\target\classes\com\xxx\frame\ServiceImpl\ClassInfoServiceImpl.class]
2019-07-25 16:05:39 -Identified candidate component class: file [C:\Users\Administrator.USER-20180311XA\Desktop\XXX\target\classes\com\xxx\frame\ServiceImpl\ClassTypeServiceImpl.class]
2019-07-25 16:05:39 -Identified candidate component class: file [C:\Users\Administrator.USER-20180311XA\Desktop\XXX\target\classes\com\xxx\frame\ServiceImpl\ColumnServiceImpl.class]
2019-07-25 16:05:39 -Identified candidate component class: file [C:\Users\Administrator.USER-20180311XA\Desktop\XXX\target\classes\com\xxx\frame\ServiceImpl\CommentServiceImpl.class]
2019-07-25 16:05:39 -Identified candidate component class: file [C:\Users\Administrator.USER-20180311XA\Desktop\XXX\target\classes\com\xxx\frame\ServiceImpl\ContentServiceImpl.class]
2019-07-25 16:05:39 -Identified candidate component class: file [C:\Users\Administrator.USER-20180311XA\Desktop\XXX\target\classes\com\xxx\frame\ServiceImpl\MemberServiceImpl.class]
2019-07-25 16:05:39 -Identified candidate component class: file [C:\Users\Administrator.USER-20180311XA\Desktop\XXX\target\classes\com\xxx\frame\ServiceImpl\OffLineOderServiceImpl.class]
2019-07-25 16:05:39 -Identified candidate component class: file [C:\Users\Administrator.USER-20180311XA\Desktop\XXX\target\classes\com\xxx\frame\ServiceImpl\OnLineOderServiceImpl.class]
2019-07-25 16:05:39 -Identified candidate component class: file [C:\Users\Administrator.USER-20180311XA\Desktop\XXX\target\classes\com\xxx\frame\ServiceImpl\OrderServiceImpl.class]
2019-07-25 16:05:39 -Identified candidate component class: file [C:\Users\Administrator.USER-20180311XA\Desktop\XXX\target\classes\com\xxx\frame\ServiceImpl\PlayRecordServiceImpl.class]
2019-07-25 16:05:39 -Identified candidate component class: file [C:\Users\Administrator.USER-20180311XA\Desktop\XXX\target\classes\com\xxx\frame\ServiceImpl\StudentStyleServiceImpl.class]
2019-07-25 16:05:39 -Identified candidate component class: file [C:\Users\Administrator.USER-20180311XA\Desktop\XXX\target\classes\com\xxx\frame\ServiceImpl\UserInfoServiceImpl.class]
2019-07-25 16:05:39 -Identified candidate component class: file [C:\Users\Administrator.USER-20180311XA\Desktop\XXX\target\classes\com\xxx\frame\Util\ConstantManger.class]
2019-07-25 16:05:40 -Found key 'spring.application.admin.enabled' in PropertySource 'configurationProperties' with value of type String
2019-07-25 16:05:40 -Identified candidate component class: file [C:\Users\Administrator.USER-20180311XA\Desktop\XXX\target\classes\com\xxx\frame\Dao\AdminDescMapper.class]
2019-07-25 16:05:40 -Identified candidate component class: file [C:\Users\Administrator.USER-20180311XA\Desktop\XXX\target\classes\com\xxx\frame\Dao\AdminUserMapper.class]
2019-07-25 16:05:40 -Identified candidate component class: file [C:\Users\Administrator.USER-20180311XA\Desktop\XXX\target\classes\com\xxx\frame\Dao\ClassColumnMapper.class]
2019-07-25 16:05:40 -Identified candidate component class: file [C:\Users\Administrator.USER-20180311XA\Desktop\XXX\target\classes\com\xxx\frame\Dao\ClassInfoDescMapper.class]
2019-07-25 16:05:40 -Identified candidate component class: file [C:\Users\Administrator.USER-20180311XA\Desktop\XXX\target\classes\com\xxx\frame\Dao\ClassInfoMapper.class]
2019-07-25 16:05:40 -Identified candidate component class: file [C:\Users\Administrator.USER-20180311XA\Desktop\XXX\target\classes\com\xxx\frame\Dao\ClassTypeMapper.class]
2019-07-25 16:05:40 -Identified candidate component class: file [C:\Users\Administrator.USER-20180311XA\Desktop\XXX\target\classes\com\xxx\frame\Dao\ClientAuthenticationMapper.class]
2019-07-25 16:05:40 -Identified candidate component class: file [C:\Users\Administrator.USER-20180311XA\Desktop\XXX\target\classes\com\xxx\frame\Dao\CommentMapper.class]
2019-07-25 16:05:40 -Identified candidate component class: file [C:\Users\Administrator.USER-20180311XA\Desktop\XXX\target\classes\com\xxx\frame\Dao\CompanyProfileMapper.class]
2019-07-25 16:05:40 -Identified candidate component class: file [C:\Users\Administrator.USER-20180311XA\Desktop\XXX\target\classes\com\xxx\frame\Dao\ContentMapper.class]
2019-07-25 16:05:40 -Identified candidate component class: file [C:\Users\Administrator.USER-20180311XA\Desktop\XXX\target\classes\com\xxx\frame\Dao\MemberMapper.class]
2019-07-25 16:05:40 -Identified candidate component class: file [C:\Users\Administrator.USER-20180311XA\Desktop\XXX\target\classes\com\xxx\frame\Dao\MemberMienMapper.class]
2019-07-25 16:05:40 -Identified candidate component class: file [C:\Users\Administrator.USER-20180311XA\Desktop\XXX\target\classes\com\xxx\frame\Dao\MienImgMapper.class]
2019-07-25 16:05:40 -Identified candidate component class: file [C:\Users\Administrator.USER-20180311XA\Desktop\XXX\target\classes\com\xxx\frame\Dao\OffLineOrderDescMapper.class]
2019-07-25 16:05:40 -Identified candidate component class: file [C:\Users\Administrator.USER-20180311XA\Desktop\XXX\target\classes\com\xxx\frame\Dao\OffLineOrderMapper.class]
2019-07-25 16:05:40 -Identified candidate component class: file [C:\Users\Administrator.USER-20180311XA\Desktop\XXX\target\classes\com\xxx\frame\Dao\OnLineOrderMapper.class]
2019-07-25 16:05:40 -Identified candidate component class: file [C:\Users\Administrator.USER-20180311XA\Desktop\XXX\target\classes\com\xxx\frame\Dao\OrderMapper.class]
2019-07-25 16:05:40 -Identified candidate component class: file [C:\Users\Administrator.USER-20180311XA\Desktop\XXX\target\classes\com\xxx\frame\Dao\PlayRecordMapper.class]
2019-07-25 16:05:40 -Identified candidate component class: file [C:\Users\Administrator.USER-20180311XA\Desktop\XXX\target\classes\com\xxx\frame\Dao\StudentStyleMapper.class]
2019-07-25 16:05:40 -Identified candidate component class: file [C:\Users\Administrator.USER-20180311XA\Desktop\XXX\target\classes\com\xxx\frame\Dao\TokenMapper.class]
2019-07-25 16:05:40 -Identified candidate component class: file [C:\Users\Administrator.USER-20180311XA\Desktop\XXX\target\classes\com\xxx\frame\Dao\UserInfoMapper.class]
2019-07-25 16:05:40 -Creating MapperFactoryBean with name 'adminDescMapper' and 'com.xxx.frame.Dao.AdminDescMapper' mapperInterface
2019-07-25 16:05:40 -Enabling autowire by type for MapperFactoryBean with name 'adminDescMapper'.
2019-07-25 16:05:40 -Creating MapperFactoryBean with name 'adminUserMapper' and 'com.xxx.frame.Dao.AdminUserMapper' mapperInterface
2019-07-25 16:05:40 -Enabling autowire by type for MapperFactoryBean with name 'adminUserMapper'.
2019-07-25 16:05:40 -Creating MapperFactoryBean with name 'classColumnMapper' and 'com.xxx.frame.Dao.ClassColumnMapper' mapperInterface
2019-07-25 16:05:40 -Enabling autowire by type for MapperFactoryBean with name 'classColumnMapper'.
2019-07-25 16:05:40 -Creating MapperFactoryBean with name 'classInfoDescMapper' and 'com.xxx.frame.Dao.ClassInfoDescMapper' mapperInterface
2019-07-25 16:05:40 -Enabling autowire by type for MapperFactoryBean with name 'classInfoDescMapper'.
2019-07-25 16:05:40 -Creating MapperFactoryBean with name 'classInfoMapper' and 'com.xxx.frame.Dao.ClassInfoMapper' mapperInterface
2019-07-25 16:05:40 -Enabling autowire by type for MapperFactoryBean with name 'classInfoMapper'.
2019-07-25 16:05:40 -Creating MapperFactoryBean with name 'classTypeMapper' and 'com.xxx.frame.Dao.ClassTypeMapper' mapperInterface
2019-07-25 16:05:40 -Enabling autowire by type for MapperFactoryBean with name 'classTypeMapper'.
2019-07-25 16:05:40 -Creating MapperFactoryBean with name 'clientAuthenticationMapper' and 'com.xxx.frame.Dao.ClientAuthenticationMapper' mapperInterface
2019-07-25 16:05:40 -Enabling autowire by type for MapperFactoryBean with name 'clientAuthenticationMapper'.
2019-07-25 16:05:40 -Creating MapperFactoryBean with name 'commentMapper' and 'com.xxx.frame.Dao.CommentMapper' mapperInterface
2019-07-25 16:05:40 -Enabling autowire by type for MapperFactoryBean with name 'commentMapper'.
2019-07-25 16:05:40 -Creating MapperFactoryBean with name 'companyProfileMapper' and 'com.xxx.frame.Dao.CompanyProfileMapper' mapperInterface
2019-07-25 16:05:40 -Enabling autowire by type for MapperFactoryBean with name 'companyProfileMapper'.
2019-07-25 16:05:40 -Creating MapperFactoryBean with name 'contentMapper' and 'com.xxx.frame.Dao.ContentMapper' mapperInterface
2019-07-25 16:05:40 -Enabling autowire by type for MapperFactoryBean with name 'contentMapper'.
2019-07-25 16:05:40 -Creating MapperFactoryBean with name 'memberMapper' and 'com.xxx.frame.Dao.MemberMapper' mapperInterface
2019-07-25 16:05:40 -Enabling autowire by type for MapperFactoryBean with name 'memberMapper'.
2019-07-25 16:05:40 -Creating MapperFactoryBean with name 'memberMienMapper' and 'com.xxx.frame.Dao.MemberMienMapper' mapperInterface
2019-07-25 16:05:40 -Enabling autowire by type for MapperFactoryBean with name 'memberMienMapper'.
2019-07-25 16:05:40 -Creating MapperFactoryBean with name 'mienImgMapper' and 'com.xxx.frame.Dao.MienImgMapper' mapperInterface
2019-07-25 16:05:40 -Enabling autowire by type for MapperFactoryBean with name 'mienImgMapper'.
2019-07-25 16:05:40 -Creating MapperFactoryBean with name 'offLineOrderDescMapper' and 'com.xxx.frame.Dao.OffLineOrderDescMapper' mapperInterface
2019-07-25 16:05:40 -Enabling autowire by type for MapperFactoryBean with name 'offLineOrderDescMapper'.
2019-07-25 16:05:40 -Creating MapperFactoryBean with name 'offLineOrderMapper' and 'com.xxx.frame.Dao.OffLineOrderMapper' mapperInterface
2019-07-25 16:05:40 -Enabling autowire by type for MapperFactoryBean with name 'offLineOrderMapper'.
2019-07-25 16:05:40 -Creating MapperFactoryBean with name 'onLineOrderMapper' and 'com.xxx.frame.Dao.OnLineOrderMapper' mapperInterface
2019-07-25 16:05:40 -Enabling autowire by type for MapperFactoryBean with name 'onLineOrderMapper'.
2019-07-25 16:05:40 -Creating MapperFactoryBean with name 'orderMapper' and 'com.xxx.frame.Dao.OrderMapper' mapperInterface
2019-07-25 16:05:40 -Enabling autowire by type for MapperFactoryBean with name 'orderMapper'.
2019-07-25 16:05:40 -Creating MapperFactoryBean with name 'playRecordMapper' and 'com.xxx.frame.Dao.PlayRecordMapper' mapperInterface
2019-07-25 16:05:40 -Enabling autowire by type for MapperFactoryBean with name 'playRecordMapper'.
2019-07-25 16:05:40 -Creating MapperFactoryBean with name 'studentStyleMapper' and 'com.xxx.frame.Dao.StudentStyleMapper' mapperInterface
2019-07-25 16:05:40 -Enabling autowire by type for MapperFactoryBean with name 'studentStyleMapper'.
2019-07-25 16:05:40 -Creating MapperFactoryBean with name 'tokenMapper' and 'com.xxx.frame.Dao.TokenMapper' mapperInterface
2019-07-25 16:05:40 -Enabling autowire by type for MapperFactoryBean with name 'tokenMapper'.
2019-07-25 16:05:40 -Creating MapperFactoryBean with name 'userInfoMapper' and 'com.xxx.frame.Dao.UserInfoMapper' mapperInterface
2019-07-25 16:05:40 -Enabling autowire by type for MapperFactoryBean with name 'userInfoMapper'.
2019-07-25 16:05:40 -Creating shared instance of singleton bean 'org.springframework.boot.autoconfigure.condition.BeanTypeRegistry'
2019-07-25 16:05:40 -Found key 'spring.application.admin.enabled' in PropertySource 'configurationProperties' with value of type String
2019-07-25 16:05:40 -Creating shared instance of singleton bean 'propertySourcesPlaceholderConfigurer'
2019-07-25 16:05:40 -Creating shared instance of singleton bean 'org.springframework.context.event.internalEventListenerProcessor'
2019-07-25 16:05:40 -Creating shared instance of singleton bean 'org.springframework.boot.context.properties.ConfigurationBeanFactoryMetadata'
2019-07-25 16:05:40 -Creating shared instance of singleton bean 'preserveErrorControllerTargetClassPostProcessor'
2019-07-25 16:05:40 -Creating shared instance of singleton bean 'org.springframework.context.event.internalEventListenerFactory'
2019-07-25 16:05:40 -Creating shared instance of singleton bean 'org.springframework.transaction.config.internalTransactionalEventListenerFactory'
2019-07-25 16:05:40 -Creating shared instance of singleton bean 'org.springframework.context.annotation.internalAutowiredAnnotationProcessor'
2019-07-25 16:05:40 -Creating shared instance of singleton bean 'org.springframework.context.annotation.internalCommonAnnotationProcessor'
2019-07-25 16:05:40 -Creating shared instance of singleton bean 'org.springframework.boot.context.properties.ConfigurationPropertiesBindingPostProcessor'
2019-07-25 16:05:40 -Creating shared instance of singleton bean 'org.springframework.context.annotation.internalScheduledAnnotationProcessor'
2019-07-25 16:05:40 -Creating shared instance of singleton bean 'org.springframework.scheduling.annotation.SchedulingConfiguration'
2019-07-25 16:05:40 -Creating shared instance of singleton bean 'methodValidationPostProcessor'
2019-07-25 16:05:40 -Autowiring by type from bean name 'methodValidationPostProcessor' via factory method to bean named 'environment'
2019-07-25 16:05:40 -Creating shared instance of singleton bean 'dataSourceInitializerPostProcessor'
2019-07-25 16:05:40 -Creating shared instance of singleton bean 'org.springframework.aop.config.internalAutoProxyCreator'
2019-07-25 16:05:40 -Creating shared instance of singleton bean 'persistenceExceptionTranslationPostProcessor'
2019-07-25 16:05:40 -Autowiring by type from bean name 'persistenceExceptionTranslationPostProcessor' via factory method to bean named 'environment'
2019-07-25 16:05:40 -Creating shared instance of singleton bean 'webServerFactoryCustomizerBeanPostProcessor'
2019-07-25 16:05:40 -Creating shared instance of singleton bean 'errorPageRegistrarBeanPostProcessor'
2019-07-25 16:05:40 -Unable to locate ThemeSource with name 'themeSource': using default [org.springframework.ui.context.support.ResourceBundleThemeSource@538613b3]
2019-07-25 16:05:40 -Exception encountered during context initialization - cancelling refresh attempt: org.springframework.context.ApplicationContextException: Unable to start web server; nested exception is org.springframework.context.ApplicationContextException: Unable to start ServletWebServerApplicationContext due to missing ServletWebServerFactory bean.
2019-07-25 16:05:40 -Application failed to start with classpath: [file:/D:/JDK/jdk/jre/lib/charsets.jar, file:/D:/JDK/jdk/jre/lib/deploy.jar, file:/D:/JDK/jdk/jre/lib/ext/access-bridge-64.jar, file:/D:/JDK/jdk/jre/lib/ext/cldrdata.jar, file:/D:/JDK/jdk/jre/lib/ext/dnsns.jar, file:/D:/JDK/jdk/jre/lib/ext/jaccess.jar, file:/D:/JDK/jdk/jre/lib/ext/jfxrt.jar, file:/D:/JDK/jdk/jre/lib/ext/localedata.jar, file:/D:/JDK/jdk/jre/lib/ext/nashorn.jar, file:/D:/JDK/jdk/jre/lib/ext/sunec.jar, file:/D:/JDK/jdk/jre/lib/ext/sunjce_provider.jar, file:/D:/JDK/jdk/jre/lib/ext/sunmscapi.jar, file:/D:/JDK/jdk/jre/lib/ext/sunpkcs11.jar, file:/D:/JDK/jdk/jre/lib/ext/zipfs.jar, file:/D:/JDK/jdk/jre/lib/javaws.jar, file:/D:/JDK/jdk/jre/lib/jce.jar, file:/D:/JDK/jdk/jre/lib/jfr.jar, file:/D:/JDK/jdk/jre/lib/jfxswt.jar, file:/D:/JDK/jdk/jre/lib/jsse.jar, file:/D:/JDK/jdk/jre/lib/management-agent.jar, file:/D:/JDK/jdk/jre/lib/plugin.jar, file:/D:/JDK/jdk/jre/lib/resources.jar, file:/D:/JDK/jdk/jre/lib/rt.jar, file:/C:/Users/Administrator.USER-20180311XA/Desktop/XXX/target/classes/, file:/C:/Users/Administrator.USER-20180311XA/.m2/repository/com/google/zxing/core/3.3.0/core-3.3.0.jar, file:/C:/Users/Administrator.USER-20180311XA/Desktop/XXX/src/lib/jave-1.0.2.jar, file:/C:/Users/Administrator.USER-20180311XA/.m2/repository/org/springframework/boot/spring-boot-starter-web/2.1.3.RELEASE/spring-boot-starter-web-2.1.3.RELEASE.jar, file:/C:/Users/Administrator.USER-20180311XA/.m2/repository/org/springframework/boot/spring-boot-starter/2.1.3.RELEASE/spring-boot-starter-2.1.3.RELEASE.jar, file:/C:/Users/Administrator.USER-20180311XA/.m2/repository/org/springframework/boot/spring-boot/2.1.3.RELEASE/spring-boot-2.1.3.RELEASE.jar, file:/C:/Users/Administrator.USER-20180311XA/.m2/repository/org/springframework/boot/spring-boot-autoconfigure/2.1.3.RELEASE/spring-boot-autoconfigure-2.1.3.RELEASE.jar, file:/C:/Users/Administrator.USER-20180311XA/.m2/repository/org/springframework/boot/spring-boot-starter-logging/2.1.3.RELEASE/spring-boot-starter-logging-2.1.3.RELEASE.jar, file:/C:/Users/Administrator.USER-20180311XA/.m2/repository/ch/qos/logback/logback-classic/1.2.3/logback-classic-1.2.3.jar, file:/C:/Users/Administrator.USER-20180311XA/.m2/repository/ch/qos/logback/logback-core/1.2.3/logback-core-1.2.3.jar, file:/C:/Users/Administrator.USER-20180311XA/.m2/repository/org/apache/logging/log4j/log4j-to-slf4j/2.11.2/log4j-to-slf4j-2.11.2.jar, file:/C:/Users/Administrator.USER-20180311XA/.m2/repository/org/apache/logging/log4j/log4j-api/2.11.2/log4j-api-2.11.2.jar, file:/C:/Users/Administrator.USER-20180311XA/.m2/repository/org/slf4j/jul-to-slf4j/1.7.25/jul-to-slf4j-1.7.25.jar, file:/C:/Users/Administrator.USER-20180311XA/.m2/repository/javax/annotation/javax.annotation-api/1.3.2/javax.annotation-api-1.3.2.jar, file:/C:/Users/Administrator.USER-20180311XA/.m2/repository/org/yaml/snakeyaml/1.23/snakeyaml-1.23.jar, file:/C:/Users/Administrator.USER-20180311XA/.m2/repository/org/springframework/boot/spring-boot-starter-json/2.1.3.RELEASE/spring-boot-starter-json-2.1.3.RELEASE.jar, file:/C:/Users/Administrator.USER-20180311XA/.m2/repository/com/fasterxml/jackson/core/jackson-databind/2.9.8/jackson-databind-2.9.8.jar, file:/C:/Users/Administrator.USER-20180311XA/.m2/repository/com/fasterxml/jackson/core/jackson-core/2.9.8/jackson-core-2.9.8.jar, file:/C:/Users/Administrator.USER-20180311XA/.m2/repository/com/fasterxml/jackson/datatype/jackson-datatype-jdk8/2.9.8/jackson-datatype-jdk8-2.9.8.jar, file:/C:/Users/Administrator.USER-20180311XA/.m2/repository/com/fasterxml/jackson/datatype/jackson-datatype-jsr310/2.9.8/jackson-datatype-jsr310-2.9.8.jar, file:/C:/Users/Administrator.USER-20180311XA/.m2/repository/com/fasterxml/jackson/module/jackson-module-parameter-names/2.9.8/jackson-module-parameter-names-2.9.8.jar, file:/C:/Users/Administrator.USER-20180311XA/.m2/repository/org/hibernate/validator/hibernate-validator/6.0.14.Final/hibernate-validator-6.0.14.Final.jar, file:/C:/Users/Administrator.USER-20180311XA/.m2/repository/javax/validation/validation-api/2.0.1.Final/validation-api-2.0.1.Final.jar, file:/C:/Users/Administrator.USER-20180311XA/.m2/repository/org/jboss/logging/jboss-logging/3.3.2.Final/jboss-logging-3.3.2.Final.jar, file:/C:/Users/Administrator.USER-20180311XA/.m2/repository/org/springframework/spring-web/5.1.5.RELEASE/spring-web-5.1.5.RELEASE.jar, file:/C:/Users/Administrator.USER-20180311XA/.m2/repository/org/springframework/spring-beans/5.1.5.RELEASE/spring-beans-5.1.5.RELEASE.jar, file:/C:/Users/Administrator.USER-20180311XA/.m2/repository/org/springframework/spring-webmvc/5.1.5.RELEASE/spring-webmvc-5.1.5.RELEASE.jar, file:/C:/Users/Administrator.USER-20180311XA/.m2/repository/org/springframework/spring-context/5.1.5.RELEASE/spring-context-5.1.5.RELEASE.jar, file:/C:/Users/Administrator.USER-20180311XA/.m2/repository/org/springframework/spring-expression/5.1.5.RELEASE/spring-expression-5.1.5.RELEASE.jar, file:/C:/Users/Administrator.USER-20180311XA/.m2/repository/javax/servlet/javax.servlet-api/3.1.0/javax.servlet-api-3.1.0.jar, file:/C:/Users/Administrator.USER-20180311XA/.m2/repository/org/springframework/spring-core/5.1.5.RELEASE/spring-core-5.1.5.RELEASE.jar, file:/C:/Users/Administrator.USER-20180311XA/.m2/repository/org/springframework/spring-jcl/5.1.5.RELEASE/spring-jcl-5.1.5.RELEASE.jar, file:/C:/Users/Administrator.USER-20180311XA/.m2/repository/org/mybatis/spring/boot/mybatis-spring-boot-starter/1.3.2/mybatis-spring-boot-starter-1.3.2.jar, file:/C:/Users/Administrator.USER-20180311XA/.m2/repository/org/springframework/boot/spring-boot-starter-jdbc/2.1.3.RELEASE/spring-boot-starter-jdbc-2.1.3.RELEASE.jar, file:/C:/Users/Administrator.USER-20180311XA/.m2/repository/com/zaxxer/HikariCP/3.2.0/HikariCP-3.2.0.jar, file:/C:/Users/Administrator.USER-20180311XA/.m2/repository/org/springframework/spring-jdbc/5.1.5.RELEASE/spring-jdbc-5.1.5.RELEASE.jar, file:/C:/Users/Administrator.USER-20180311XA/.m2/repository/org/springframework/spring-tx/5.1.5.RELEASE/spring-tx-5.1.5.RELEASE.jar, file:/C:/Users/Administrator.USER-20180311XA/.m2/repository/org/mybatis/spring/boot/mybatis-spring-boot-autoconfigure/1.3.2/mybatis-spring-boot-autoconfigure-1.3.2.jar, file:/C:/Users/Administrator.USER-20180311XA/.m2/repository/org/mybatis/mybatis/3.4.6/mybatis-3.4.6.jar, file:/C:/Users/Administrator.USER-20180311XA/.m2/repository/org/mybatis/mybatis-spring/1.3.2/mybatis-spring-1.3.2.jar, file:/C:/Users/Administrator.USER-20180311XA/.m2/repository/org/springframework/boot/spring-boot-configuration-processor/2.0.3.RELEASE/spring-boot-configuration-processor-2.0.3.RELEASE.jar, file:/C:/Users/Administrator.USER-20180311XA/.m2/repository/org/springframework/boot/spring-boot-starter-aop/2.0.3.RELEASE/spring-boot-starter-aop-2.0.3.RELEASE.jar, file:/C:/Users/Administrator.USER-20180311XA/.m2/repository/org/springframework/spring-aop/5.1.5.RELEASE/spring-aop-5.1.5.RELEASE.jar, file:/C:/Users/Administrator.USER-20180311XA/.m2/repository/org/aspectj/aspectjweaver/1.9.2/aspectjweaver-1.9.2.jar, file:/C:/Users/Administrator.USER-20180311XA/.m2/repository/org/springframework/boot/spring-boot-starter-thymeleaf/2.1.3.RELEASE/spring-boot-starter-thymeleaf-2.1.3.RELEASE.jar, file:/C:/Users/Administrator.USER-20180311XA/.m2/repository/org/thymeleaf/thymeleaf-spring5/3.0.11.RELEASE/thymeleaf-spring5-3.0.11.RELEASE.jar, file:/C:/Users/Administrator.USER-20180311XA/.m2/repository/org/thymeleaf/thymeleaf/3.0.11.RELEASE/thymeleaf-3.0.11.RELEASE.jar, file:/C:/Users/Administrator.USER-20180311XA/.m2/repository/org/attoparser/attoparser/2.0.5.RELEASE/attoparser-2.0.5.RELEASE.jar, file:/C:/Users/Administrator.USER-20180311XA/.m2/repository/org/unbescape/unbescape/1.1.6.RELEASE/unbescape-1.1.6.RELEASE.jar, file:/C:/Users/Administrator.USER-20180311XA/.m2/repository/org/thymeleaf/extras/thymeleaf-extras-java8time/3.0.3.RELEASE/thymeleaf-extras-java8time-3.0.3.RELEASE.jar, file:/C:/Users/Administrator.USER-20180311XA/.m2/repository/mysql/mysql-connector-java/5.1.44/mysql-connector-java-5.1.44.jar, file:/C:/Users/Administrator.USER-20180311XA/.m2/repository/com/github/pagehelper/pagehelper/4.1.6/pagehelper-4.1.6.jar, file:/C:/Users/Administrator.USER-20180311XA/.m2/repository/com/github/jsqlparser/jsqlparser/0.9.5/jsqlparser-0.9.5.jar, file:/C:/Users/Administrator.USER-20180311XA/.m2/repository/org/apache/commons/commons-lang3/3.7/commons-lang3-3.7.jar, file:/C:/Users/Administrator.USER-20180311XA/.m2/repository/com/alibaba/fastjson/1.2.31/fastjson-1.2.31.jar, file:/C:/Users/Administrator.USER-20180311XA/.m2/repository/io/springfox/springfox-swagger2/2.6.1/springfox-swagger2-2.6.1.jar, file:/C:/Users/Administrator.USER-20180311XA/.m2/repository/io/swagger/swagger-annotations/1.5.10/swagger-annotations-1.5.10.jar, file:/C:/Users/Administrator.USER-20180311XA/.m2/repository/io/swagger/swagger-models/1.5.10/swagger-models-1.5.10.jar, file:/C:/Users/Administrator.USER-20180311XA/.m2/repository/com/fasterxml/jackson/core/jackson-annotations/2.9.0/jackson-annotations-2.9.0.jar, file:/C:/Users/Administrator.USER-20180311XA/.m2/repository/io/springfox/springfox-spi/2.6.1/springfox-spi-2.6.1.jar, file:/C:/Users/Administrator.USER-20180311XA/.m2/repository/io/springfox/springfox-core/2.6.1/springfox-core-2.6.1.jar, file:/C:/Users/Administrator.USER-20180311XA/.m2/repository/io/springfox/springfox-schema/2.6.1/springfox-schema-2.6.1.jar, file:/C:/Users/Administrator.USER-20180311XA/.m2/repository/io/springfox/springfox-swagger-common/2.6.1/springfox-swagger-common-2.6.1.jar, file:/C:/Users/Administrator.USER-20180311XA/.m2/repository/io/springfox/springfox-spring-web/2.6.1/springfox-spring-web-2.6.1.jar, file:/C:/Users/Administrator.USER-20180311XA/.m2/repository/com/google/guava/guava/18.0/guava-18.0.jar, file:/C:/Users/Administrator.USER-20180311XA/.m2/repository/com/fasterxml/classmate/1.4.0/classmate-1.4.0.jar, file:/C:/Users/Administrator.USER-20180311XA/.m2/repository/org/slf4j/slf4j-api/1.7.25/slf4j-api-1.7.25.jar, file:/C:/Users/Administrator.USER-20180311XA/.m2/repository/org/springframework/plugin/spring-plugin-core/1.2.0.RELEASE/spring-plugin-core-1.2.0.RELEASE.jar, file:/C:/Users/Administrator.USER-20180311XA/.m2/repository/org/springframework/plugin/spring-plugin-metadata/1.2.0.RELEASE/spring-plugin-metadata-1.2.0.RELEASE.jar, file:/C:/Users/Administrator.USER-20180311XA/.m2/repository/org/mapstruct/mapstruct/1.0.0.Final/mapstruct-1.0.0.Final.jar, file:/C:/Users/Administrator.USER-20180311XA/.m2/repository/io/springfox/springfox-swagger-ui/2.6.1/springfox-swagger-ui-2.6.1.jar, file:/C:/Users/Administrator.USER-20180311XA/.m2/repository/org/mybatis/generator/mybatis-generator-core/1.3.7/mybatis-generator-core-1.3.7.jar, file:/C:/Users/Administrator.USER-20180311XA/.m2/repository/org/apache/httpcomponents/httpclient/4.5.5/httpclient-4.5.5.jar, file:/C:/Users/Administrator.USER-20180311XA/.m2/repository/org/apache/httpcomponents/httpcore/4.4.11/httpcore-4.4.11.jar, file:/C:/Users/Administrator.USER-20180311XA/.m2/repository/commons-codec/commons-codec/1.11/commons-codec-1.11.jar, file:/C:/Users/Administrator.USER-20180311XA/.m2/repository/com/thoughtworks/xstream/xstream/1.4.10/xstream-1.4.10.jar, file:/C:/Users/Administrator.USER-20180311XA/.m2/repository/xmlpull/xmlpull/1.1.3.1/xmlpull-1.1.3.1.jar, file:/C:/Users/Administrator.USER-20180311XA/.m2/repository/xpp3/xpp3_min/1.1.4c/xpp3_min-1.1.4c.jar, file:/C:/Users/Administrator.USER-20180311XA/.m2/repository/commons-fileupload/commons-fileupload/1.3.1/commons-fileupload-1.3.1.jar, file:/C:/Users/Administrator.USER-20180311XA/.m2/repository/commons-io/commons-io/2.2/commons-io-2.2.jar, file:/C:/Users/Administrator.USER-20180311XA/.m2/repository/com/google/zxing/javase/3.3.1/javase-3.3.1.jar, file:/C:/Users/Administrator.USER-20180311XA/.m2/repository/com/beust/jcommander/1.72/jcommander-1.72.jar, file:/C:/Users/Administrator.USER-20180311XA/.m2/repository/com/github/jai-imageio/jai-imageio-core/1.3.1/jai-imageio-core-1.3.1.jar, file:/C:/Users/Administrator.USER-20180311XA/.m2/repository/org/bouncycastle/bcprov-ext-jdk15on/1.55/bcprov-ext-jdk15on-1.55.jar, file:/D:/IntelliJ%20IDEA%202018.3.5/lib/idea_rt.jar]
2019-07-25 16:05:40 -


============================
CONDITIONS EVALUATION REPORT
============================


Positive matches:
-----------------

   AopAutoConfiguration matched:
      - @ConditionalOnClass found required classes 'org.springframework.context.annotation.EnableAspectJAutoProxy', 'org.aspectj.lang.annotation.Aspect', 'org.aspectj.lang.reflect.Advice', 'org.aspectj.weaver.AnnotatedElement' (OnClassCondition)
      - @ConditionalOnProperty (spring.aop.auto=true) matched (OnPropertyCondition)

   AopAutoConfiguration.CglibAutoProxyConfiguration matched:
      - @ConditionalOnProperty (spring.aop.proxy-target-class=true) matched (OnPropertyCondition)

   CodecsAutoConfiguration matched:
      - @ConditionalOnClass found required class 'org.springframework.http.codec.CodecConfigurer' (OnClassCondition)

   CodecsAutoConfiguration.JacksonCodecConfiguration matched:
      - @ConditionalOnClass found required class 'com.fasterxml.jackson.databind.ObjectMapper' (OnClassCondition)

   CodecsAutoConfiguration.JacksonCodecConfiguration#jacksonCodecCustomizer matched:
      - @ConditionalOnBean (types: com.fasterxml.jackson.databind.ObjectMapper; SearchStrategy: all) found bean 'jacksonObjectMapper' (OnBeanCondition)

   DataSourceAutoConfiguration matched:
      - @ConditionalOnClass found required classes 'javax.sql.DataSource', 'org.springframework.jdbc.datasource.embedded.EmbeddedDatabaseType' (OnClassCondition)

   DataSourceAutoConfiguration.PooledDataSourceConfiguration matched:
      - AnyNestedCondition 1 matched 1 did not; NestedCondition on DataSourceAutoConfiguration.PooledDataSourceCondition.PooledDataSourceAvailable PooledDataSource found supported DataSource; NestedCondition on DataSourceAutoConfiguration.PooledDataSourceCondition.ExplicitType @ConditionalOnProperty (spring.datasource.type) did not find property 'type' (DataSourceAutoConfiguration.PooledDataSourceCondition)
      - @ConditionalOnMissingBean (types: javax.sql.DataSource,javax.sql.XADataSource; SearchStrategy: all) did not find any beans (OnBeanCondition)

   DataSourceConfiguration.Hikari matched:
      - @ConditionalOnClass found required class 'com.zaxxer.hikari.HikariDataSource' (OnClassCondition)
      - @ConditionalOnProperty (spring.datasource.type=com.zaxxer.hikari.HikariDataSource) matched (OnPropertyCondition)
      - @ConditionalOnMissingBean (types: javax.sql.DataSource; SearchStrategy: all) did not find any beans (OnBeanCondition)

   DataSourceJmxConfiguration matched:
      - @ConditionalOnProperty (spring.jmx.enabled=true) matched (OnPropertyCondition)

   DataSourceJmxConfiguration.Hikari matched:
      - @ConditionalOnClass found required class 'com.zaxxer.hikari.HikariDataSource' (OnClassCondition)
      - @ConditionalOnSingleCandidate (types: javax.sql.DataSource; SearchStrategy: all) found a primary bean from beans 'dataSource' (OnBeanCondition)

   DataSourcePoolMetadataProvidersConfiguration.HikariPoolDataSourceMetadataProviderConfiguration matched:
      - @ConditionalOnClass found required class 'com.zaxxer.hikari.HikariDataSource' (OnClassCondition)

   DataSourceTransactionManagerAutoConfiguration matched:
      - @ConditionalOnClass found required classes 'org.springframework.jdbc.core.JdbcTemplate', 'org.springframework.transaction.PlatformTransactionManager' (OnClassCondition)

   DataSourceTransactionManagerAutoConfiguration.DataSourceTransactionManagerConfiguration matched:
      - @ConditionalOnSingleCandidate (types: javax.sql.DataSource; SearchStrategy: all) found a primary bean from beans 'dataSource' (OnBeanCondition)

   DataSourceTransactionManagerAutoConfiguration.DataSourceTransactionManagerConfiguration#transactionManager matched:
      - @ConditionalOnMissingBean (types: org.springframework.transaction.PlatformTransactionManager; SearchStrategy: all) did not find any beans (OnBeanCondition)

   DispatcherServletAutoConfiguration matched:
      - @ConditionalOnClass found required class 'org.springframework.web.servlet.DispatcherServlet' (OnClassCondition)
      - found 'session' scope (OnWebApplicationCondition)

   DispatcherServletAutoConfiguration.DispatcherServletConfiguration matched:
      - @ConditionalOnClass found required class 'javax.servlet.ServletRegistration' (OnClassCondition)
      - Default DispatcherServlet did not find dispatcher servlet beans (DispatcherServletAutoConfiguration.DefaultDispatcherServletCondition)

   DispatcherServletAutoConfiguration.DispatcherServletRegistrationConfiguration matched:
      - @ConditionalOnClass found required class 'javax.servlet.ServletRegistration' (OnClassCondition)
      - DispatcherServlet Registration did not find servlet registration bean (DispatcherServletAutoConfiguration.DispatcherServletRegistrationCondition)

   DispatcherServletAutoConfiguration.DispatcherServletRegistrationConfiguration#dispatcherServletRegistration matched:
      - @ConditionalOnBean (names: dispatcherServlet; types: org.springframework.web.servlet.DispatcherServlet; SearchStrategy: all) found bean 'dispatcherServlet' (OnBeanCondition)

   EmbeddedWebServerFactoryCustomizerAutoConfiguration matched:
      - @ConditionalOnWebApplication (required) found 'session' scope (OnWebApplicationCondition)

   ErrorMvcAutoConfiguration matched:
      - @ConditionalOnClass found required classes 'javax.servlet.Servlet', 'org.springframework.web.servlet.DispatcherServlet' (OnClassCondition)
      - found 'session' scope (OnWebApplicationCondition)

   ErrorMvcAutoConfiguration#basicErrorController matched:
      - @ConditionalOnMissingBean (types: org.springframework.boot.web.servlet.error.ErrorController; SearchStrategy: current) did not find any beans (OnBeanCondition)

   ErrorMvcAutoConfiguration#errorAttributes matched:
      - @ConditionalOnMissingBean (types: org.springframework.boot.web.servlet.error.ErrorAttributes; SearchStrategy: current) did not find any beans (OnBeanCondition)

   ErrorMvcAutoConfiguration.DefaultErrorViewResolverConfiguration#conventionErrorViewResolver matched:
      - @ConditionalOnBean (types: org.springframework.web.servlet.DispatcherServlet; SearchStrategy: all) found bean 'dispatcherServlet'; @ConditionalOnMissingBean (types: org.springframework.boot.autoconfigure.web.servlet.error.DefaultErrorViewResolver; SearchStrategy: all) did not find any beans (OnBeanCondition)

   GenericCacheConfiguration matched:
      - Cache org.springframework.boot.autoconfigure.cache.GenericCacheConfiguration automatic cache type (CacheCondition)

   HttpEncodingAutoConfiguration matched:
      - @ConditionalOnClass found required class 'org.springframework.web.filter.CharacterEncodingFilter' (OnClassCondition)
      - found 'session' scope (OnWebApplicationCondition)
      - @ConditionalOnProperty (spring.http.encoding.enabled) matched (OnPropertyCondition)

   HttpEncodingAutoConfiguration#characterEncodingFilter matched:
      - @ConditionalOnMissingBean (types: org.springframework.web.filter.CharacterEncodingFilter; SearchStrategy: all) did not find any beans (OnBeanCondition)

   HttpMessageConvertersAutoConfiguration matched:
      - @ConditionalOnClass found required class 'org.springframework.http.converter.HttpMessageConverter' (OnClassCondition)

   HttpMessageConvertersAutoConfiguration#messageConverters matched:
      - @ConditionalOnMissingBean (types: org.springframework.boot.autoconfigure.http.HttpMessageConverters; SearchStrategy: all) did not find any beans (OnBeanCondition)

   HttpMessageConvertersAutoConfiguration.StringHttpMessageConverterConfiguration matched:
      - @ConditionalOnClass found required class 'org.springframework.http.converter.StringHttpMessageConverter' (OnClassCondition)

   HttpMessageConvertersAutoConfiguration.StringHttpMessageConverterConfiguration#stringHttpMessageConverter matched:
      - @ConditionalOnMissingBean (types: org.springframework.http.converter.StringHttpMessageConverter; SearchStrategy: all) did not find any beans (OnBeanCondition)

   JacksonAutoConfiguration matched:
      - @ConditionalOnClass found required class 'com.fasterxml.jackson.databind.ObjectMapper' (OnClassCondition)

   JacksonAutoConfiguration.Jackson2ObjectMapperBuilderCustomizerConfiguration matched:
      - @ConditionalOnClass found required class 'org.springframework.http.converter.json.Jackson2ObjectMapperBuilder' (OnClassCondition)

   JacksonAutoConfiguration.JacksonObjectMapperBuilderConfiguration matched:
      - @ConditionalOnClass found required class 'org.springframework.http.converter.json.Jackson2ObjectMapperBuilder' (OnClassCondition)

   JacksonAutoConfiguration.JacksonObjectMapperBuilderConfiguration#jacksonObjectMapperBuilder matched:
      - @ConditionalOnMissingBean (types: org.springframework.http.converter.json.Jackson2ObjectMapperBuilder; SearchStrategy: all) did not find any beans (OnBeanCondition)

   JacksonAutoConfiguration.JacksonObjectMapperConfiguration matched:
      - @ConditionalOnClass found required class 'org.springframework.http.converter.json.Jackson2ObjectMapperBuilder' (OnClassCondition)

   JacksonAutoConfiguration.JacksonObjectMapperConfiguration#jacksonObjectMapper matched:
      - @ConditionalOnMissingBean (types: com.fasterxml.jackson.databind.ObjectMapper; SearchStrategy: all) did not find any beans (OnBeanCondition)

   JacksonAutoConfiguration.ParameterNamesModuleConfiguration matched:
      - @ConditionalOnClass found required class 'com.fasterxml.jackson.module.paramnames.ParameterNamesModule' (OnClassCondition)

   JacksonAutoConfiguration.ParameterNamesModuleConfiguration#parameterNamesModule matched:
      - @ConditionalOnMissingBean (types: com.fasterxml.jackson.module.paramnames.ParameterNamesModule; SearchStrategy: all) did not find any beans (OnBeanCondition)

   JacksonHttpMessageConvertersConfiguration.MappingJackson2HttpMessageConverterConfiguration matched:
      - @ConditionalOnClass found required class 'com.fasterxml.jackson.databind.ObjectMapper' (OnClassCondition)
      - @ConditionalOnProperty (spring.http.converters.preferred-json-mapper=jackson) matched (OnPropertyCondition)
      - @ConditionalOnBean (types: com.fasterxml.jackson.databind.ObjectMapper; SearchStrategy: all) found bean 'jacksonObjectMapper' (OnBeanCondition)

   JacksonHttpMessageConvertersConfiguration.MappingJackson2HttpMessageConverterConfiguration#mappingJackson2HttpMessageConverter matched:
      - @ConditionalOnMissingBean (types: org.springframework.http.converter.json.MappingJackson2HttpMessageConverter; SearchStrategy: all) did not find any beans (OnBeanCondition)

   JdbcTemplateAutoConfiguration matched:
      - @ConditionalOnClass found required classes 'javax.sql.DataSource', 'org.springframework.jdbc.core.JdbcTemplate' (OnClassCondition)
      - @ConditionalOnSingleCandidate (types: javax.sql.DataSource; SearchStrategy: all) found a primary bean from beans 'dataSource' (OnBeanCondition)

   JdbcTemplateAutoConfiguration.JdbcTemplateConfiguration#jdbcTemplate matched:
      - @ConditionalOnMissingBean (types: org.springframework.jdbc.core.JdbcOperations; SearchStrategy: all) did not find any beans (OnBeanCondition)

   JdbcTemplateAutoConfiguration.NamedParameterJdbcTemplateConfiguration#namedParameterJdbcTemplate matched:
      - @ConditionalOnSingleCandidate (types: org.springframework.jdbc.core.JdbcTemplate; SearchStrategy: all) found a primary bean from beans 'jdbcTemplate'; @ConditionalOnMissingBean (types: org.springframework.jdbc.core.namedparam.NamedParameterJdbcOperations; SearchStrategy: all) did not find any beans (OnBeanCondition)

   JmxAutoConfiguration matched:
      - @ConditionalOnClass found required class 'org.springframework.jmx.export.MBeanExporter' (OnClassCondition)
      - @ConditionalOnProperty (spring.jmx.enabled=true) matched (OnPropertyCondition)

   JmxAutoConfiguration#mbeanExporter matched:
      - @ConditionalOnMissingBean (types: org.springframework.jmx.export.MBeanExporter; SearchStrategy: current) did not find any beans (OnBeanCondition)

   JmxAutoConfiguration#mbeanServer matched:
      - @ConditionalOnMissingBean (types: javax.management.MBeanServer; SearchStrategy: all) did not find any beans (OnBeanCondition)

   JmxAutoConfiguration#objectNamingStrategy matched:
      - @ConditionalOnMissingBean (types: org.springframework.jmx.export.naming.ObjectNamingStrategy; SearchStrategy: current) did not find any beans (OnBeanCondition)

   MultipartAutoConfiguration matched:
      - @ConditionalOnClass found required classes 'javax.servlet.Servlet', 'org.springframework.web.multipart.support.StandardServletMultipartResolver', 'javax.servlet.MultipartConfigElement' (OnClassCondition)
      - found 'session' scope (OnWebApplicationCondition)
      - @ConditionalOnProperty (spring.servlet.multipart.enabled) matched (OnPropertyCondition)

   MultipartAutoConfiguration#multipartConfigElement matched:
      - @ConditionalOnMissingBean (types: javax.servlet.MultipartConfigElement,org.springframework.web.multipart.commons.CommonsMultipartResolver; SearchStrategy: all) did not find any beans (OnBeanCondition)

   MultipartAutoConfiguration#multipartResolver matched:
      - @ConditionalOnMissingBean (types: org.springframework.web.multipart.MultipartResolver; SearchStrategy: all) did not find any beans (OnBeanCondition)

   MybatisAutoConfiguration matched:
      - @ConditionalOnClass found required classes 'org.apache.ibatis.session.SqlSessionFactory', 'org.mybatis.spring.SqlSessionFactoryBean' (OnClassCondition)
      - @ConditionalOnBean (types: javax.sql.DataSource; SearchStrategy: all) found bean 'dataSource' (OnBeanCondition)

   MybatisAutoConfiguration#sqlSessionFactory matched:
      - @ConditionalOnMissingBean (types: org.apache.ibatis.session.SqlSessionFactory; SearchStrategy: all) did not find any beans (OnBeanCondition)

   MybatisAutoConfiguration#sqlSessionTemplate matched:
      - @ConditionalOnMissingBean (types: org.mybatis.spring.SqlSessionTemplate; SearchStrategy: all) did not find any beans (OnBeanCondition)

   NoOpCacheConfiguration matched:
      - Cache org.springframework.boot.autoconfigure.cache.NoOpCacheConfiguration automatic cache type (CacheCondition)

   PersistenceExceptionTranslationAutoConfiguration matched:
      - @ConditionalOnClass found required class 'org.springframework.dao.annotation.PersistenceExceptionTranslationPostProcessor' (OnClassCondition)

   PersistenceExceptionTranslationAutoConfiguration#persistenceExceptionTranslationPostProcessor matched:
      - @ConditionalOnProperty (spring.dao.exceptiontranslation.enabled) matched (OnPropertyCondition)
      - @ConditionalOnMissingBean (types: org.springframework.dao.annotation.PersistenceExceptionTranslationPostProcessor; SearchStrategy: all) did not find any beans (OnBeanCondition)

   PropertyPlaceholderAutoConfiguration#propertySourcesPlaceholderConfigurer matched:
      - @ConditionalOnMissingBean (types: org.springframework.context.support.PropertySourcesPlaceholderConfigurer; SearchStrategy: current) did not find any beans (OnBeanCondition)

   RestTemplateAutoConfiguration matched:
      - @ConditionalOnClass found required class 'org.springframework.web.client.RestTemplate' (OnClassCondition)

   RestTemplateAutoConfiguration#restTemplateBuilder matched:
      - @ConditionalOnMissingBean (types: org.springframework.boot.web.client.RestTemplateBuilder; SearchStrategy: all) did not find any beans (OnBeanCondition)

   ServletWebServerFactoryAutoConfiguration matched:
      - @ConditionalOnClass found required class 'javax.servlet.ServletRequest' (OnClassCondition)
      - found 'session' scope (OnWebApplicationCondition)

   SimpleCacheConfiguration matched:
      - Cache org.springframework.boot.autoconfigure.cache.SimpleCacheConfiguration automatic cache type (CacheCondition)

   SpringApplicationAdminJmxAutoConfiguration matched:
      - @ConditionalOnProperty (spring.application.admin.enabled=true) matched (OnPropertyCondition)

   SpringApplicationAdminJmxAutoConfiguration#springApplicationAdminRegistrar matched:
      - @ConditionalOnMissingBean (types: org.springframework.boot.admin.SpringApplicationAdminMXBeanRegistrar; SearchStrategy: all) did not find any beans (OnBeanCondition)

   TaskExecutionAutoConfiguration matched:
      - @ConditionalOnClass found required class 'org.springframework.scheduling.concurrent.ThreadPoolTaskExecutor' (OnClassCondition)

   TaskExecutionAutoConfiguration#applicationTaskExecutor matched:
      - @ConditionalOnMissingBean (types: java.util.concurrent.Executor; SearchStrategy: all) did not find any beans (OnBeanCondition)

   TaskExecutionAutoConfiguration#taskExecutorBuilder matched:
      - @ConditionalOnMissingBean (types: org.springframework.boot.task.TaskExecutorBuilder; SearchStrategy: all) did not find any beans (OnBeanCondition)

   TaskSchedulingAutoConfiguration matched:
      - @ConditionalOnClass found required class 'org.springframework.scheduling.concurrent.ThreadPoolTaskScheduler' (OnClassCondition)

   TaskSchedulingAutoConfiguration#taskScheduler matched:
      - @ConditionalOnBean (names: org.springframework.context.annotation.internalScheduledAnnotationProcessor; SearchStrategy: all) found bean 'org.springframework.context.annotation.internalScheduledAnnotationProcessor'; @ConditionalOnMissingBean (types: org.springframework.scheduling.annotation.SchedulingConfigurer,org.springframework.scheduling.TaskScheduler,java.util.concurrent.ScheduledExecutorService; SearchStrategy: all) did not find any beans (OnBeanCondition)

   TaskSchedulingAutoConfiguration#taskSchedulerBuilder matched:
      - @ConditionalOnMissingBean (types: org.springframework.boot.task.TaskSchedulerBuilder; SearchStrategy: all) did not find any beans (OnBeanCondition)

   ThymeleafAutoConfiguration matched:
      - @ConditionalOnClass found required class 'org.thymeleaf.templatemode.TemplateMode' (OnClassCondition)

   ThymeleafAutoConfiguration.DefaultTemplateResolverConfiguration matched:
      - @ConditionalOnMissingBean (names: defaultTemplateResolver; SearchStrategy: all) did not find any beans (OnBeanCondition)

   ThymeleafAutoConfiguration.ThymeleafDefaultConfiguration#templateEngine matched:
      - @ConditionalOnMissingBean (types: org.thymeleaf.spring5.SpringTemplateEngine; SearchStrategy: all) did not find any beans (OnBeanCondition)

   ThymeleafAutoConfiguration.ThymeleafJava8TimeDialect matched:
      - @ConditionalOnClass found required class 'org.thymeleaf.extras.java8time.dialect.Java8TimeDialect' (OnClassCondition)

   ThymeleafAutoConfiguration.ThymeleafJava8TimeDialect#java8TimeDialect matched:
      - @ConditionalOnMissingBean (types: org.thymeleaf.extras.java8time.dialect.Java8TimeDialect; SearchStrategy: all) did not find any beans (OnBeanCondition)

   ThymeleafAutoConfiguration.ThymeleafWebMvcConfiguration matched:
      - found 'session' scope (OnWebApplicationCondition)
      - @ConditionalOnProperty (spring.thymeleaf.enabled) matched (OnPropertyCondition)

   ThymeleafAutoConfiguration.ThymeleafWebMvcConfiguration.ThymeleafViewResolverConfiguration#thymeleafViewResolver matched:
      - @ConditionalOnMissingBean (names: thymeleafViewResolver; SearchStrategy: all) did not find any beans (OnBeanCondition)

   TransactionAutoConfiguration matched:
      - @ConditionalOnClass found required class 'org.springframework.transaction.PlatformTransactionManager' (OnClassCondition)

   TransactionAutoConfiguration#platformTransactionManagerCustomizers matched:
      - @ConditionalOnMissingBean (types: org.springframework.boot.autoconfigure.transaction.TransactionManagerCustomizers; SearchStrategy: all) did not find any beans (OnBeanCondition)

   TransactionAutoConfiguration.EnableTransactionManagementConfiguration matched:
      - @ConditionalOnBean (types: org.springframework.transaction.PlatformTransactionManager; SearchStrategy: all) found bean 'transactionManager'; @ConditionalOnMissingBean (types: org.springframework.transaction.annotation.AbstractTransactionManagementConfiguration; SearchStrategy: all) did not find any beans (OnBeanCondition)

   TransactionAutoConfiguration.EnableTransactionManagementConfiguration.CglibAutoProxyConfiguration matched:
      - @ConditionalOnProperty (spring.aop.proxy-target-class=true) matched (OnPropertyCondition)

   TransactionAutoConfiguration.TransactionTemplateConfiguration matched:
      - @ConditionalOnSingleCandidate (types: org.springframework.transaction.PlatformTransactionManager; SearchStrategy: all) found a primary bean from beans 'transactionManager' (OnBeanCondition)

   TransactionAutoConfiguration.TransactionTemplateConfiguration#transactionTemplate matched:
      - @ConditionalOnMissingBean (types: org.springframework.transaction.support.TransactionTemplate; SearchStrategy: all) did not find any beans (OnBeanCondition)

   ValidationAutoConfiguration matched:
      - @ConditionalOnClass found required class 'javax.validation.executable.ExecutableValidator' (OnClassCondition)
      - @ConditionalOnResource found location classpath:META-INF/services/javax.validation.spi.ValidationProvider (OnResourceCondition)

   ValidationAutoConfiguration#defaultValidator matched:
      - @ConditionalOnMissingBean (types: javax.validation.Validator; SearchStrategy: all) did not find any beans (OnBeanCondition)

   ValidationAutoConfiguration#methodValidationPostProcessor matched:
      - @ConditionalOnMissingBean (types: org.springframework.validation.beanvalidation.MethodValidationPostProcessor; SearchStrategy: all) did not find any beans (OnBeanCondition)

   WebMvcAutoConfiguration matched:
      - @ConditionalOnClass found required classes 'javax.servlet.Servlet', 'org.springframework.web.servlet.DispatcherServlet', 'org.springframework.web.servlet.config.annotation.WebMvcConfigurer' (OnClassCondition)
      - found 'session' scope (OnWebApplicationCondition)
      - @ConditionalOnMissingBean (types: org.springframework.web.servlet.config.annotation.WebMvcConfigurationSupport; SearchStrategy: all) did not find any beans (OnBeanCondition)

   WebMvcAutoConfiguration#formContentFilter matched:
      - @ConditionalOnProperty (spring.mvc.formcontent.filter.enabled) matched (OnPropertyCondition)
      - @ConditionalOnMissingBean (types: org.springframework.web.filter.FormContentFilter; SearchStrategy: all) did not find any beans (OnBeanCondition)

   WebMvcAutoConfiguration#hiddenHttpMethodFilter matched:
      - @ConditionalOnProperty (spring.mvc.hiddenmethod.filter.enabled) matched (OnPropertyCondition)
      - @ConditionalOnMissingBean (types: org.springframework.web.filter.HiddenHttpMethodFilter; SearchStrategy: all) did not find any beans (OnBeanCondition)

   WebMvcAutoConfiguration.WebMvcAutoConfigurationAdapter#defaultViewResolver matched:
      - @ConditionalOnMissingBean (types: org.springframework.web.servlet.view.InternalResourceViewResolver; SearchStrategy: all) did not find any beans (OnBeanCondition)

   WebMvcAutoConfiguration.WebMvcAutoConfigurationAdapter#requestContextFilter matched:
      - @ConditionalOnMissingBean (types: org.springframework.web.context.request.RequestContextListener,org.springframework.web.filter.RequestContextFilter; SearchStrategy: all) did not find any beans (OnBeanCondition)

   WebMvcAutoConfiguration.WebMvcAutoConfigurationAdapter#viewResolver matched:
      - @ConditionalOnBean (types: org.springframework.web.servlet.ViewResolver; SearchStrategy: all) found beans 'defaultViewResolver', 'mvcViewResolver'; @ConditionalOnMissingBean (names: viewResolver; types: org.springframework.web.servlet.view.ContentNegotiatingViewResolver; SearchStrategy: all) did not find any beans (OnBeanCondition)

   WebMvcAutoConfiguration.WebMvcAutoConfigurationAdapter.FaviconConfiguration matched:
      - @ConditionalOnProperty (spring.mvc.favicon.enabled) matched (OnPropertyCondition)


Negative matches:
-----------------

   ActiveMQAutoConfiguration:
      Did not match:
         - @ConditionalOnClass did not find required class 'javax.jms.ConnectionFactory' (OnClassCondition)

   AopAutoConfiguration.JdkDynamicAutoProxyConfiguration:
      Did not match:
         - @ConditionalOnProperty (spring.aop.proxy-target-class=false) did not find property 'proxy-target-class' (OnPropertyCondition)

   ArtemisAutoConfiguration:
      Did not match:
         - @ConditionalOnClass did not find required class 'javax.jms.ConnectionFactory' (OnClassCondition)

   BatchAutoConfiguration:
      Did not match:
         - @ConditionalOnClass did not find required class 'org.springframework.batch.core.launch.JobLauncher' (OnClassCondition)

   CacheAutoConfiguration:
      Did not match:
         - @ConditionalOnBean (types: org.springframework.cache.interceptor.CacheAspectSupport; SearchStrategy: all) did not find any beans of type org.springframework.cache.interceptor.CacheAspectSupport (OnBeanCondition)
      Matched:
         - @ConditionalOnClass found required class 'org.springframework.cache.CacheManager' (OnClassCondition)

   CacheAutoConfiguration.CacheManagerJpaDependencyConfiguration:
      Did not match:
         - @ConditionalOnClass did not find required class 'org.springframework.orm.jpa.LocalContainerEntityManagerFactoryBean' (OnClassCondition)
         - Ancestor org.springframework.boot.autoconfigure.cache.CacheAutoConfiguration did not match (ConditionEvaluationReport.AncestorsMatchedCondition)

   CaffeineCacheConfiguration:
      Did not match:
         - @ConditionalOnClass did not find required classes 'com.github.benmanes.caffeine.cache.Caffeine', 'org.springframework.cache.caffeine.CaffeineCacheManager' (OnClassCondition)

   CassandraAutoConfiguration:
      Did not match:
         - @ConditionalOnClass did not find required class 'com.datastax.driver.core.Cluster' (OnClassCondition)

   CassandraDataAutoConfiguration:
      Did not match:
         - @ConditionalOnClass did not find required class 'com.datastax.driver.core.Cluster' (OnClassCondition)

   CassandraReactiveDataAutoConfiguration:
      Did not match:
         - @ConditionalOnClass did not find required class 'com.datastax.driver.core.Cluster' (OnClassCondition)

   CassandraReactiveRepositoriesAutoConfiguration:
      Did not match:
         - @ConditionalOnClass did not find required class 'org.springframework.data.cassandra.ReactiveSession' (OnClassCondition)

   CassandraRepositoriesAutoConfiguration:
      Did not match:
         - @ConditionalOnClass did not find required class 'com.datastax.driver.core.Session' (OnClassCondition)

   ClientHttpConnectorAutoConfiguration:
      Did not match:
         - @ConditionalOnClass did not find required class 'org.springframework.web.reactive.function.client.WebClient' (OnClassCondition)

   CloudServiceConnectorsAutoConfiguration:
      Did not match:
         - @ConditionalOnClass did not find required class 'org.springframework.cloud.config.java.CloudScanConfiguration' (OnClassCondition)

   CouchbaseAutoConfiguration:
      Did not match:
         - @ConditionalOnClass did not find required class 'com.couchbase.client.java.Cluster' (OnClassCondition)

   CouchbaseCacheConfiguration:
      Did not match:
         - @ConditionalOnClass did not find required classes 'com.couchbase.client.java.Bucket', 'com.couchbase.client.spring.cache.CouchbaseCacheManager' (OnClassCondition)

   CouchbaseDataAutoConfiguration:
      Did not match:
         - @ConditionalOnClass did not find required class 'com.couchbase.client.java.Bucket' (OnClassCondition)

   CouchbaseReactiveDataAutoConfiguration:
      Did not match:
         - @ConditionalOnClass did not find required class 'com.couchbase.client.java.Bucket' (OnClassCondition)

   CouchbaseReactiveRepositoriesAutoConfiguration:
      Did not match:
         - @ConditionalOnClass did not find required class 'com.couchbase.client.java.Bucket' (OnClassCondition)

   CouchbaseRepositoriesAutoConfiguration:
      Did not match:
         - @ConditionalOnClass did not find required class 'com.couchbase.client.java.Bucket' (OnClassCondition)

   DataSourceAutoConfiguration.EmbeddedDatabaseConfiguration:
      Did not match:
         - EmbeddedDataSource found supported pooled data source (DataSourceAutoConfiguration.EmbeddedDatabaseCondition)

   DataSourceConfiguration.Dbcp2:
      Did not match:
         - @ConditionalOnClass did not find required class 'org.apache.commons.dbcp2.BasicDataSource' (OnClassCondition)

   DataSourceConfiguration.Generic:
      Did not match:
         - @ConditionalOnProperty (spring.datasource.type) did not find property 'spring.datasource.type' (OnPropertyCondition)

   DataSourceConfiguration.Tomcat:
      Did not match:
         - @ConditionalOnClass did not find required class 'org.apache.tomcat.jdbc.pool.DataSource' (OnClassCondition)

   DataSourceJmxConfiguration.TomcatDataSourceJmxConfiguration:
      Did not match:
         - @ConditionalOnClass did not find required class 'org.apache.tomcat.jdbc.pool.DataSourceProxy' (OnClassCondition)

   DataSourcePoolMetadataProvidersConfiguration.CommonsDbcp2PoolDataSourceMetadataProviderConfiguration:
      Did not match:
         - @ConditionalOnClass did not find required class 'org.apache.commons.dbcp2.BasicDataSource' (OnClassCondition)

   DataSourcePoolMetadataProvidersConfiguration.TomcatDataSourcePoolMetadataProviderConfiguration:
      Did not match:
         - @ConditionalOnClass did not find required class 'org.apache.tomcat.jdbc.pool.DataSource' (OnClassCondition)

   DispatcherServletAutoConfiguration.DispatcherServletConfiguration#multipartResolver:
      Did not match:
         - @ConditionalOnBean (types: org.springframework.web.multipart.MultipartResolver; SearchStrategy: all) did not find any beans of type org.springframework.web.multipart.MultipartResolver (OnBeanCondition)

   EhCacheCacheConfiguration:
      Did not match:
         - @ConditionalOnClass did not find required classes 'net.sf.ehcache.Cache', 'org.springframework.cache.ehcache.EhCacheCacheManager' (OnClassCondition)

   ElasticsearchAutoConfiguration:
      Did not match:
         - @ConditionalOnClass did not find required class 'org.elasticsearch.client.Client' (OnClassCondition)

   ElasticsearchDataAutoConfiguration:
      Did not match:
         - @ConditionalOnClass did not find required class 'org.elasticsearch.client.Client' (OnClassCondition)

   ElasticsearchRepositoriesAutoConfiguration:
      Did not match:
         - @ConditionalOnClass did not find required class 'org.elasticsearch.client.Client' (OnClassCondition)

   EmbeddedLdapAutoConfiguration:
      Did not match:
         - @ConditionalOnClass did not find required class 'com.unboundid.ldap.listener.InMemoryDirectoryServer' (OnClassCondition)

   EmbeddedMongoAutoConfiguration:
      Did not match:
         - @ConditionalOnClass did not find required class 'com.mongodb.MongoClient' (OnClassCondition)

   EmbeddedWebServerFactoryCustomizerAutoConfiguration.JettyWebServerFactoryCustomizerConfiguration:
      Did not match:
         - @ConditionalOnClass did not find required classes 'org.eclipse.jetty.server.Server', 'org.eclipse.jetty.util.Loader', 'org.eclipse.jetty.webapp.WebAppContext' (OnClassCondition)

   EmbeddedWebServerFactoryCustomizerAutoConfiguration.NettyWebServerFactoryCustomizerConfiguration:
      Did not match:
         - @ConditionalOnClass did not find required class 'reactor.netty.http.server.HttpServer' (OnClassCondition)

   EmbeddedWebServerFactoryCustomizerAutoConfiguration.TomcatWebServerFactoryCustomizerConfiguration:
      Did not match:
         - @ConditionalOnClass did not find required classes 'org.apache.catalina.startup.Tomcat', 'org.apache.coyote.UpgradeProtocol' (OnClassCondition)

   EmbeddedWebServerFactoryCustomizerAutoConfiguration.UndertowWebServerFactoryCustomizerConfiguration:
      Did not match:
         - @ConditionalOnClass did not find required classes 'io.undertow.Undertow', 'org.xnio.SslClientAuthMode' (OnClassCondition)

   ErrorMvcAutoConfiguration.WhitelabelErrorViewConfiguration:
      Did not match:
         - ErrorTemplate Missing found template from org.springframework.boot.autoconfigure.thymeleaf.ThymeleafTemplateAvailabilityProvider@658c5a19 (ErrorMvcAutoConfiguration.ErrorTemplateMissingCondition)
      Matched:
         - @ConditionalOnProperty (server.error.whitelabel.enabled) matched (OnPropertyCondition)

   ErrorWebFluxAutoConfiguration:
      Did not match:
         - @ConditionalOnClass did not find required class 'org.springframework.web.reactive.config.WebFluxConfigurer' (OnClassCondition)

   FlywayAutoConfiguration:
      Did not match:
         - @ConditionalOnClass did not find required class 'org.flywaydb.core.Flyway' (OnClassCondition)

   FreeMarkerAutoConfiguration:
      Did not match:
         - @ConditionalOnClass did not find required class 'freemarker.template.Configuration' (OnClassCondition)

   GroovyTemplateAutoConfiguration:
      Did not match:
         - @ConditionalOnClass did not find required class 'groovy.text.markup.MarkupTemplateEngine' (OnClassCondition)

   GsonAutoConfiguration:
      Did not match:
         - @ConditionalOnClass did not find required class 'com.google.gson.Gson' (OnClassCondition)

   GsonHttpMessageConvertersConfiguration:
      Did not match:
         - @ConditionalOnClass did not find required class 'com.google.gson.Gson' (OnClassCondition)

   H2ConsoleAutoConfiguration:
      Did not match:
         - @ConditionalOnClass did not find required class 'org.h2.server.web.WebServlet' (OnClassCondition)

   HazelcastAutoConfiguration:
      Did not match:
         - @ConditionalOnClass did not find required class 'com.hazelcast.core.HazelcastInstance' (OnClassCondition)

   HazelcastCacheConfiguration:
      Did not match:
         - @ConditionalOnClass did not find required classes 'com.hazelcast.core.HazelcastInstance', 'com.hazelcast.spring.cache.HazelcastCacheManager' (OnClassCondition)

   HazelcastJpaDependencyAutoConfiguration:
      Did not match:
         - @ConditionalOnClass did not find required class 'com.hazelcast.core.HazelcastInstance' (OnClassCondition)

   HibernateJpaAutoConfiguration:
      Did not match:
         - @ConditionalOnClass did not find required class 'javax.persistence.EntityManager' (OnClassCondition)

   HttpHandlerAutoConfiguration:
      Did not match:
         - @ConditionalOnClass did not find required class 'org.springframework.web.reactive.DispatcherHandler' (OnClassCondition)

   HypermediaAutoConfiguration:
      Did not match:
         - @ConditionalOnClass did not find required class 'org.springframework.hateoas.Resource' (OnClassCondition)

   InfinispanCacheConfiguration:
      Did not match:
         - @ConditionalOnClass did not find required class 'org.infinispan.spring.provider.SpringEmbeddedCacheManager' (OnClassCondition)

   InfluxDbAutoConfiguration:
      Did not match:
         - @ConditionalOnClass did not find required class 'org.influxdb.InfluxDB' (OnClassCondition)

   IntegrationAutoConfiguration:
      Did not match:
         - @ConditionalOnClass did not find required class 'org.springframework.integration.config.EnableIntegration' (OnClassCondition)

   JCacheCacheConfiguration:
      Did not match:
         - @ConditionalOnClass did not find required classes 'javax.cache.Caching', 'org.springframework.cache.jcache.JCacheCacheManager' (OnClassCondition)

   JacksonAutoConfiguration.JodaDateTimeJacksonConfiguration:
      Did not match:
         - @ConditionalOnClass did not find required classes 'org.joda.time.DateTime', 'com.fasterxml.jackson.datatype.joda.ser.DateTimeSerializer', 'com.fasterxml.jackson.datatype.joda.cfg.JacksonJodaDateFormat' (OnClassCondition)

   JacksonHttpMessageConvertersConfiguration.MappingJackson2XmlHttpMessageConverterConfiguration:
      Did not match:
         - @ConditionalOnClass did not find required class 'com.fasterxml.jackson.dataformat.xml.XmlMapper' (OnClassCondition)

   JdbcRepositoriesAutoConfiguration:
      Did not match:
         - @ConditionalOnClass did not find required class 'org.springframework.data.jdbc.repository.config.JdbcConfiguration' (OnClassCondition)

   JerseyAutoConfiguration:
      Did not match:
         - @ConditionalOnClass did not find required class 'org.glassfish.jersey.server.spring.SpringComponentProvider' (OnClassCondition)

   JestAutoConfiguration:
      Did not match:
         - @ConditionalOnClass did not find required class 'io.searchbox.client.JestClient' (OnClassCondition)

   JmsAutoConfiguration:
      Did not match:
         - @ConditionalOnClass did not find required class 'javax.jms.Message' (OnClassCondition)

   JndiConnectionFactoryAutoConfiguration:
      Did not match:
         - @ConditionalOnClass did not find required class 'org.springframework.jms.core.JmsTemplate' (OnClassCondition)

   JndiDataSourceAutoConfiguration:
      Did not match:
         - @ConditionalOnProperty (spring.datasource.jndi-name) did not find property 'jndi-name' (OnPropertyCondition)
      Matched:
         - @ConditionalOnClass found required classes 'javax.sql.DataSource', 'org.springframework.jdbc.datasource.embedded.EmbeddedDatabaseType' (OnClassCondition)

   JooqAutoConfiguration:
      Did not match:
         - @ConditionalOnClass did not find required class 'org.jooq.DSLContext' (OnClassCondition)

   JpaRepositoriesAutoConfiguration:
      Did not match:
         - @ConditionalOnClass did not find required class 'org.springframework.data.jpa.repository.JpaRepository' (OnClassCondition)

   JsonbAutoConfiguration:
      Did not match:
         - @ConditionalOnClass did not find required class 'javax.json.bind.Jsonb' (OnClassCondition)

   JsonbHttpMessageConvertersConfiguration:
      Did not match:
         - @ConditionalOnClass did not find required class 'javax.json.bind.Jsonb' (OnClassCondition)

   JtaAutoConfiguration:
      Did not match:
         - @ConditionalOnClass did not find required class 'javax.transaction.Transaction' (OnClassCondition)

   KafkaAutoConfiguration:
      Did not match:
         - @ConditionalOnClass did not find required class 'org.springframework.kafka.core.KafkaTemplate' (OnClassCondition)

   LdapAutoConfiguration:
      Did not match:
         - @ConditionalOnClass did not find required class 'org.springframework.ldap.core.ContextSource' (OnClassCondition)

   LdapRepositoriesAutoConfiguration:
      Did not match:
         - @ConditionalOnClass did not find required class 'org.springframework.data.ldap.repository.LdapRepository' (OnClassCondition)

   LiquibaseAutoConfiguration:
      Did not match:
         - @ConditionalOnClass did not find required class 'liquibase.change.DatabaseChange' (OnClassCondition)

   MailSenderAutoConfiguration:
      Did not match:
         - @ConditionalOnClass did not find required class 'javax.mail.internet.MimeMessage' (OnClassCondition)

   MailSenderValidatorAutoConfiguration:
      Did not match:
         - @ConditionalOnSingleCandidate did not find required type 'org.springframework.mail.javamail.JavaMailSenderImpl' (OnBeanCondition)

   MessageSourceAutoConfiguration:
      Did not match:
         - ResourceBundle did not find bundle with basename messages (MessageSourceAutoConfiguration.ResourceBundleCondition)

   MongoAutoConfiguration:
      Did not match:
         - @ConditionalOnClass did not find required class 'com.mongodb.MongoClient' (OnClassCondition)

   MongoDataAutoConfiguration:
      Did not match:
         - @ConditionalOnClass did not find required class 'com.mongodb.client.MongoClient' (OnClassCondition)

   MongoReactiveAutoConfiguration:
      Did not match:
         - @ConditionalOnClass did not find required class 'com.mongodb.reactivestreams.client.MongoClient' (OnClassCondition)

   MongoReactiveDataAutoConfiguration:
      Did not match:
         - @ConditionalOnClass did not find required class 'com.mongodb.reactivestreams.client.MongoClient' (OnClassCondition)

   MongoReactiveRepositoriesAutoConfiguration:
      Did not match:
         - @ConditionalOnClass did not find required class 'com.mongodb.reactivestreams.client.MongoClient' (OnClassCondition)

   MongoRepositoriesAutoConfiguration:
      Did not match:
         - @ConditionalOnClass did not find required class 'com.mongodb.MongoClient' (OnClassCondition)

   MustacheAutoConfiguration:
      Did not match:
         - @ConditionalOnClass did not find required class 'com.samskivert.mustache.Mustache' (OnClassCondition)

   MybatisAutoConfiguration.MapperScannerRegistrarNotFoundConfiguration:
      Did not match:
         - @ConditionalOnMissingBean (types: org.mybatis.spring.mapper.MapperFactoryBean; SearchStrategy: all) found beans of type 'org.mybatis.spring.mapper.MapperFactoryBean' &adminDescMapper, &memberMienMapper, &orderMapper, &clientAuthenticationMapper, &classTypeMapper, &classInfoDescMapper, &classColumnMapper, &commentMapper, &classInfoMapper, &adminUserMapper, &playRecordMapper, &tokenMapper, &contentMapper, &onLineOrderMapper, &offLineOrderDescMapper, &memberMapper, &companyProfileMapper, &studentStyleMapper, &mienImgMapper, &userInfoMapper, &offLineOrderMapper (OnBeanCondition)

   Neo4jDataAutoConfiguration:
      Did not match:
         - @ConditionalOnClass did not find required class 'org.neo4j.ogm.session.SessionFactory' (OnClassCondition)

   Neo4jRepositoriesAutoConfiguration:
      Did not match:
         - @ConditionalOnClass did not find required class 'org.neo4j.ogm.session.Neo4jSession' (OnClassCondition)

   OAuth2ClientAutoConfiguration:
      Did not match:
         - @ConditionalOnClass did not find required class 'org.springframework.security.config.annotation.web.configuration.EnableWebSecurity' (OnClassCondition)

   OAuth2ResourceServerAutoConfiguration:
      Did not match:
         - @ConditionalOnClass did not find required class 'org.springframework.security.oauth2.jwt.JwtDecoder' (OnClassCondition)

   ProjectInfoAutoConfiguration#buildProperties:
      Did not match:
         - @ConditionalOnResource did not find resource '${spring.info.build.location:classpath:META-INF/build-info.properties}' (OnResourceCondition)

   ProjectInfoAutoConfiguration#gitProperties:
      Did not match:
         - GitResource did not find git info at classpath:git.properties (ProjectInfoAutoConfiguration.GitResourceAvailableCondition)

   QuartzAutoConfiguration:
      Did not match:
         - @ConditionalOnClass did not find required class 'org.quartz.Scheduler' (OnClassCondition)

   RabbitAutoConfiguration:
      Did not match:
         - @ConditionalOnClass did not find required class 'com.rabbitmq.client.Channel' (OnClassCondition)

   ReactiveOAuth2ClientAutoConfiguration:
      Did not match:
         - @ConditionalOnClass did not find required class 'reactor.core.publisher.Flux' (OnClassCondition)

   ReactiveOAuth2ResourceServerAutoConfiguration:
      Did not match:
         - @ConditionalOnClass did not find required class 'org.springframework.security.config.annotation.web.reactive.EnableWebFluxSecurity' (OnClassCondition)

   ReactiveSecurityAutoConfiguration:
      Did not match:
         - @ConditionalOnClass did not find required class 'reactor.core.publisher.Flux' (OnClassCondition)

   ReactiveUserDetailsServiceAutoConfiguration:
      Did not match:
         - @ConditionalOnClass did not find required class 'org.springframework.security.authentication.ReactiveAuthenticationManager' (OnClassCondition)

   ReactiveWebServerFactoryAutoConfiguration:
      Did not match:
         - @ConditionalOnWebApplication did not find reactive web application classes (OnWebApplicationCondition)

   ReactorCoreAutoConfiguration:
      Did not match:
         - @ConditionalOnClass did not find required class 'reactor.core.publisher.Flux' (OnClassCondition)

   RedisAutoConfiguration:
      Did not match:
         - @ConditionalOnClass did not find required class 'org.springframework.data.redis.core.RedisOperations' (OnClassCondition)

   RedisCacheConfiguration:
      Did not match:
         - @ConditionalOnClass did not find required class 'org.springframework.data.redis.connection.RedisConnectionFactory' (OnClassCondition)

   RedisReactiveAutoConfiguration:
      Did not match:
         - @ConditionalOnClass did not find required class 'reactor.core.publisher.Flux' (OnClassCondition)

   RedisRepositoriesAutoConfiguration:
      Did not match:
         - @ConditionalOnClass did not find required class 'org.springframework.data.redis.repository.configuration.EnableRedisRepositories' (OnClassCondition)

   RepositoryRestMvcAutoConfiguration:
      Did not match:
         - @ConditionalOnClass did not find required class 'org.springframework.data.rest.webmvc.config.RepositoryRestMvcConfiguration' (OnClassCondition)

   RestClientAutoConfiguration:
      Did not match:
         - @ConditionalOnClass did not find required class 'org.elasticsearch.client.RestClient' (OnClassCondition)

   SecurityAutoConfiguration:
      Did not match:
         - @ConditionalOnClass did not find required class 'org.springframework.security.authentication.DefaultAuthenticationEventPublisher' (OnClassCondition)

   SecurityFilterAutoConfiguration:
      Did not match:
         - @ConditionalOnClass did not find required class 'org.springframework.security.config.http.SessionCreationPolicy' (OnClassCondition)

   SecurityRequestMatcherProviderAutoConfiguration:
      Did not match:
         - @ConditionalOnClass did not find required class 'org.springframework.security.web.util.matcher.RequestMatcher' (OnClassCondition)

   SendGridAutoConfiguration:
      Did not match:
         - @ConditionalOnClass did not find required class 'com.sendgrid.SendGrid' (OnClassCondition)

   ServletWebServerFactoryAutoConfiguration#tomcatServletWebServerFactoryCustomizer:
      Did not match:
         - @ConditionalOnClass did not find required class 'org.apache.catalina.startup.Tomcat' (OnClassCondition)

   ServletWebServerFactoryConfiguration.EmbeddedJetty:
      Did not match:
         - @ConditionalOnClass did not find required classes 'org.eclipse.jetty.server.Server', 'org.eclipse.jetty.util.Loader', 'org.eclipse.jetty.webapp.WebAppContext' (OnClassCondition)

   ServletWebServerFactoryConfiguration.EmbeddedTomcat:
      Did not match:
         - @ConditionalOnClass did not find required classes 'org.apache.catalina.startup.Tomcat', 'org.apache.coyote.UpgradeProtocol' (OnClassCondition)

   ServletWebServerFactoryConfiguration.EmbeddedUndertow:
      Did not match:
         - @ConditionalOnClass did not find required classes 'io.undertow.Undertow', 'org.xnio.SslClientAuthMode' (OnClassCondition)

   SessionAutoConfiguration:
      Did not match:
         - @ConditionalOnClass did not find required class 'org.springframework.session.Session' (OnClassCondition)

   SolrAutoConfiguration:
      Did not match:
         - @ConditionalOnClass did not find required class 'org.apache.solr.client.solrj.impl.CloudSolrClient' (OnClassCondition)

   SolrRepositoriesAutoConfiguration:
      Did not match:
         - @ConditionalOnClass did not find required class 'org.apache.solr.client.solrj.SolrClient' (OnClassCondition)

   SpringDataWebAutoConfiguration:
      Did not match:
         - @ConditionalOnClass did not find required class 'org.springframework.data.web.PageableHandlerMethodArgumentResolver' (OnClassCondition)

   ThymeleafAutoConfiguration.DataAttributeDialectConfiguration:
      Did not match:
         - @ConditionalOnClass did not find required class 'com.github.mxab.thymeleaf.extras.dataattribute.dialect.DataAttributeDialect' (OnClassCondition)

   ThymeleafAutoConfiguration.ThymeleafReactiveConfiguration:
      Did not match:
         - did not find reactive web application classes (OnWebApplicationCondition)

   ThymeleafAutoConfiguration.ThymeleafSecurityDialectConfiguration:
      Did not match:
         - @ConditionalOnClass did not find required class 'org.thymeleaf.extras.springsecurity5.dialect.SpringSecurityDialect' (OnClassCondition)

   ThymeleafAutoConfiguration.ThymeleafWebFluxConfiguration:
      Did not match:
         - did not find reactive web application classes (OnWebApplicationCondition)

   ThymeleafAutoConfiguration.ThymeleafWebLayoutConfiguration:
      Did not match:
         - @ConditionalOnClass did not find required class 'nz.net.ultraq.thymeleaf.LayoutDialect' (OnClassCondition)

   ThymeleafAutoConfiguration.ThymeleafWebMvcConfiguration#resourceUrlEncodingFilter:
      Did not match:
         - @ConditionalOnEnabledResourceChain did not find class org.webjars.WebJarAssetLocator (OnEnabledResourceChainCondition)

   TransactionAutoConfiguration.EnableTransactionManagementConfiguration.JdkDynamicAutoProxyConfiguration:
      Did not match:
         - @ConditionalOnProperty (spring.aop.proxy-target-class=false) did not find property 'proxy-target-class' (OnPropertyCondition)

   UserDetailsServiceAutoConfiguration:
      Did not match:
         - @ConditionalOnClass did not find required class 'org.springframework.security.authentication.AuthenticationManager' (OnClassCondition)

   WebClientAutoConfiguration:
      Did not match:
         - @ConditionalOnClass did not find required class 'org.springframework.web.reactive.function.client.WebClient' (OnClassCondition)

   WebFluxAutoConfiguration:
      Did not match:
         - @ConditionalOnClass did not find required class 'org.springframework.web.reactive.config.WebFluxConfigurer' (OnClassCondition)

   WebMvcAutoConfiguration.ResourceChainCustomizerConfiguration:
      Did not match:
         - @ConditionalOnEnabledResourceChain did not find class org.webjars.WebJarAssetLocator (OnEnabledResourceChainCondition)

   WebMvcAutoConfiguration.WebMvcAutoConfigurationAdapter#beanNameViewResolver:
      Did not match:
         - @ConditionalOnBean (types: org.springframework.web.servlet.View; SearchStrategy: all) did not find any beans of type org.springframework.web.servlet.View (OnBeanCondition)

   WebMvcAutoConfiguration.WebMvcAutoConfigurationAdapter#localeResolver:
      Did not match:
         - @ConditionalOnProperty (spring.mvc.locale) did not find property 'locale' (OnPropertyCondition)

   WebServiceTemplateAutoConfiguration:
      Did not match:
         - @ConditionalOnClass did not find required class 'org.springframework.oxm.Marshaller' (OnClassCondition)

   WebServicesAutoConfiguration:
      Did not match:
         - @ConditionalOnClass did not find required class 'org.springframework.ws.transport.http.MessageDispatcherServlet' (OnClassCondition)

   WebSocketMessagingAutoConfiguration:
      Did not match:
         - @ConditionalOnClass did not find required class 'org.springframework.web.socket.config.annotation.WebSocketMessageBrokerConfigurer' (OnClassCondition)

   WebSocketReactiveAutoConfiguration:
      Did not match:
         - @ConditionalOnClass did not find required class 'javax.websocket.server.ServerContainer' (OnClassCondition)

   WebSocketServletAutoConfiguration:
      Did not match:
         - @ConditionalOnClass did not find required class 'javax.websocket.server.ServerContainer' (OnClassCondition)

   XADataSourceAutoConfiguration:
      Did not match:
         - @ConditionalOnClass did not find required class 'javax.transaction.TransactionManager' (OnClassCondition)


Exclusions:
-----------

    None


Unconditional classes:
----------------------

    org.springframework.boot.autoconfigure.context.ConfigurationPropertiesAutoConfiguration

    org.springframework.boot.autoconfigure.context.PropertyPlaceholderAutoConfiguration

    org.springframework.boot.autoconfigure.info.ProjectInfoAutoConfiguration



2019-07-25 16:05:40 -Application run failed
org.springframework.context.ApplicationContextException: Unable to start web server; nested exception is org.springframework.context.ApplicationContextException: Unable to start ServletWebServerApplicationContext due to missing ServletWebServerFactory bean.
	at org.springframework.boot.web.servlet.context.ServletWebServerApplicationContext.onRefresh(ServletWebServerApplicationContext.java:157)
	at org.springframework.context.support.AbstractApplicationContext.refresh(AbstractApplicationContext.java:543)
	at org.springframework.boot.web.servlet.context.ServletWebServerApplicationContext.refresh(ServletWebServerApplicationContext.java:142)
	at org.springframework.boot.SpringApplication.refresh(SpringApplication.java:775)
	at org.springframework.boot.SpringApplication.refreshContext(SpringApplication.java:397)
	at org.springframework.boot.SpringApplication.run(SpringApplication.java:316)
	at org.springframework.boot.SpringApplication.run(SpringApplication.java:1260)
	at org.springframework.boot.SpringApplication.run(SpringApplication.java:1248)
	at com.xxx.frame.FrameApplication.main(FrameApplication.java:23)
Caused by: org.springframework.context.ApplicationContextException: Unable to start ServletWebServerApplicationContext due to missing ServletWebServerFactory bean.
	at org.springframework.boot.web.servlet.context.ServletWebServerApplicationContext.getWebServerFactory(ServletWebServerApplicationContext.java:206)
	at org.springframework.boot.web.servlet.context.ServletWebServerApplicationContext.createWebServer(ServletWebServerApplicationContext.java:180)
	at org.springframework.boot.web.servlet.context.ServletWebServerApplicationContext.onRefresh(ServletWebServerApplicationContext.java:154)
	... 8 common frames omitted
